<?xml version="1.0" encoding="UTF-8" standalone="yes"?><!DOCTYPE report PUBLIC "-//JACOCO//DTD Report 1.1//EN" "report.dtd"><report name="SpaceRepetitionTelegramReminder"><sessioninfo id="WINDOWS-JR88AJS-337bcfbd" start="1737299824143" dump="1737299827186"/><package name="org/danceofvalkyries/job/data/telegram/chat/restful/json/objects"><class name="org/danceofvalkyries/job/data/telegram/chat/restful/json/objects/TelegramErrorJsonObject" sourcefilename="TelegramErrorJsonObject.kt"><method name="&lt;init&gt;" desc="(Ljava/lang/Boolean;Ljava/lang/Integer;Ljava/lang/String;)V" line="5"><counter type="INSTRUCTION" missed="12" covered="0"/><counter type="LINE" missed="4" covered="0"/><counter type="COMPLEXITY" missed="1" covered="0"/><counter type="METHOD" missed="1" covered="0"/></method><method name="getOk" desc="()Ljava/lang/Boolean;" line="6"><counter type="INSTRUCTION" missed="3" covered="0"/><counter type="LINE" missed="1" covered="0"/><counter type="COMPLEXITY" missed="1" covered="0"/><counter type="METHOD" missed="1" covered="0"/></method><method name="getErrorCode" desc="()Ljava/lang/Integer;" line="8"><counter type="INSTRUCTION" missed="3" covered="0"/><counter type="LINE" missed="1" covered="0"/><counter type="COMPLEXITY" missed="1" covered="0"/><counter type="METHOD" missed="1" covered="0"/></method><method name="getDescription" desc="()Ljava/lang/String;" line="10"><counter type="INSTRUCTION" missed="0" covered="3"/><counter type="LINE" missed="0" covered="1"/><counter type="COMPLEXITY" missed="0" covered="1"/><counter type="METHOD" missed="0" covered="1"/></method><counter type="INSTRUCTION" missed="18" covered="3"/><counter type="LINE" missed="3" covered="1"/><counter type="COMPLEXITY" missed="3" covered="1"/><counter type="METHOD" missed="3" covered="1"/><counter type="CLASS" missed="0" covered="1"/></class><sourcefile name="TelegramErrorJsonObject.kt"><line nr="5" mi="3" ci="0" mb="0" cb="0"/><line nr="6" mi="6" ci="0" mb="0" cb="0"/><line nr="8" mi="6" ci="0" mb="0" cb="0"/><line nr="10" mi="3" ci="3" mb="0" cb="0"/><counter type="INSTRUCTION" missed="18" covered="3"/><counter type="LINE" missed="3" covered="1"/><counter type="COMPLEXITY" missed="3" covered="1"/><counter type="METHOD" missed="3" covered="1"/><counter type="CLASS" missed="0" covered="1"/></sourcefile><counter type="INSTRUCTION" missed="18" covered="3"/><counter type="LINE" missed="3" covered="1"/><counter type="COMPLEXITY" missed="3" covered="1"/><counter type="METHOD" missed="3" covered="1"/><counter type="CLASS" missed="0" covered="1"/></package><package name="org/danceofvalkyries/job/data/telegram/message_types"><class name="org/danceofvalkyries/job/data/telegram/message_types/SentTelegramMessagesType" sourcefilename="SentTelegramMessagesType.kt"/><class name="org/danceofvalkyries/job/data/telegram/message_types/SentTelegramMessageTypeKt" sourcefilename="SentTelegramMessageType.kt"><method name="saveTo" desc="(Lorg/danceofvalkyries/job/data/telegram/message_types/SentTelegramMessageType;Lorg/danceofvalkyries/job/data/telegram/message_types/SentTelegramMessagesType;Lkotlin/coroutines/Continuation;)Ljava/lang/Object;" line="10"><counter type="INSTRUCTION" missed="0" covered="9"/><counter type="LINE" missed="0" covered="4"/><counter type="COMPLEXITY" missed="0" covered="1"/><counter type="METHOD" missed="0" covered="1"/></method><method name="deleteFrom" desc="(Lorg/danceofvalkyries/job/data/telegram/message_types/SentTelegramMessageType;Lorg/danceofvalkyries/job/data/telegram/message_types/SentTelegramMessagesType;Lkotlin/coroutines/Continuation;)Ljava/lang/Object;" line="17"><counter type="INSTRUCTION" missed="0" covered="7"/><counter type="LINE" missed="0" covered="2"/><counter type="COMPLEXITY" missed="0" covered="1"/><counter type="METHOD" missed="0" covered="1"/></method><counter type="INSTRUCTION" missed="0" covered="16"/><counter type="LINE" missed="0" covered="6"/><counter type="COMPLEXITY" missed="0" covered="2"/><counter type="METHOD" missed="0" covered="2"/><counter type="CLASS" missed="0" covered="1"/></class><class name="org/danceofvalkyries/job/data/telegram/message_types/SentTelegramMessageType" sourcefilename="SentTelegramMessageType.kt"/><sourcefile name="SentTelegramMessageType.kt"><line nr="10" mi="0" ci="3" mb="0" cb="0"/><line nr="11" mi="0" ci="2" mb="0" cb="0"/><line nr="12" mi="0" ci="3" mb="0" cb="0"/><line nr="14" mi="0" ci="1" mb="0" cb="0"/><line nr="17" mi="0" ci="6" mb="0" cb="0"/><line nr="18" mi="0" ci="1" mb="0" cb="0"/><counter type="INSTRUCTION" missed="0" covered="16"/><counter type="LINE" missed="0" covered="6"/><counter type="COMPLEXITY" missed="0" covered="2"/><counter type="METHOD" missed="0" covered="2"/><counter type="CLASS" missed="0" covered="1"/></sourcefile><sourcefile name="SentTelegramMessagesType.kt"/><counter type="INSTRUCTION" missed="0" covered="16"/><counter type="LINE" missed="0" covered="6"/><counter type="COMPLEXITY" missed="0" covered="2"/><counter type="METHOD" missed="0" covered="2"/><counter type="CLASS" missed="0" covered="1"/></package><package name="org/danceofvalkyries/job/data/telegram/message/local"><class name="org/danceofvalkyries/job/data/telegram/message/local/FlashCardMessage" sourcefilename="FlashCardMessage.kt"><method name="&lt;init&gt;" desc="(Lorg/danceofvalkyries/job/data/notion/pages/NotionPageFlashCard;Lorg/danceofvalkyries/utils/resources/StringResources;Ljava/util/List;)V" line="12"><counter type="INSTRUCTION" missed="0" covered="21"/><counter type="LINE" missed="0" covered="5"/><counter type="COMPLEXITY" missed="0" covered="1"/><counter type="METHOD" missed="0" covered="1"/></method><method name="getType" desc="()Ljava/lang/String;" line="19"><counter type="INSTRUCTION" missed="0" covered="2"/><counter type="LINE" missed="0" covered="1"/><counter type="COMPLEXITY" missed="0" covered="1"/><counter type="METHOD" missed="0" covered="1"/></method><method name="getText" desc="()Ljava/lang/String;" line="24"><counter type="INSTRUCTION" missed="0" covered="69"/><counter type="BRANCH" missed="2" covered="2"/><counter type="LINE" missed="0" covered="15"/><counter type="COMPLEXITY" missed="2" covered="1"/><counter type="METHOD" missed="0" covered="1"/></method><method name="getNestedButtons" desc="()Ljava/util/List;" line="47"><counter type="INSTRUCTION" missed="0" covered="88"/><counter type="LINE" missed="0" covered="16"/><counter type="COMPLEXITY" missed="0" covered="1"/><counter type="METHOD" missed="0" covered="1"/></method><method name="getImageUrl" desc="()Ljava/lang/String;" line="73"><counter type="INSTRUCTION" missed="0" covered="4"/><counter type="LINE" missed="0" covered="1"/><counter type="COMPLEXITY" missed="0" covered="1"/><counter type="METHOD" missed="0" covered="1"/></method><counter type="INSTRUCTION" missed="0" covered="184"/><counter type="BRANCH" missed="2" covered="2"/><counter type="LINE" missed="0" covered="38"/><counter type="COMPLEXITY" missed="2" covered="5"/><counter type="METHOD" missed="0" covered="5"/><counter type="CLASS" missed="0" covered="1"/></class><class name="org/danceofvalkyries/job/data/telegram/message/local/NotificationMessage" sourcefilename="NotificationMessage.kt"><method name="&lt;init&gt;" desc="()V" line="3"><counter type="INSTRUCTION" missed="0" covered="3"/><counter type="LINE" missed="0" covered="1"/><counter type="COMPLEXITY" missed="0" covered="1"/><counter type="METHOD" missed="0" covered="1"/></method><method name="getType" desc="()Ljava/lang/String;" line="6"><counter type="INSTRUCTION" missed="0" covered="2"/><counter type="LINE" missed="0" covered="1"/><counter type="COMPLEXITY" missed="0" covered="1"/><counter type="METHOD" missed="0" covered="1"/></method><counter type="INSTRUCTION" missed="0" covered="5"/><counter type="LINE" missed="0" covered="2"/><counter type="COMPLEXITY" missed="0" covered="2"/><counter type="METHOD" missed="0" covered="2"/><counter type="CLASS" missed="0" covered="1"/></class><class name="org/danceofvalkyries/job/data/telegram/message/local/DoneTelegramMessage" sourcefilename="DoneTelegramMessage.kt"><method name="&lt;init&gt;" desc="(Lorg/danceofvalkyries/utils/resources/StringResources;)V" line="5"><counter type="INSTRUCTION" missed="0" covered="9"/><counter type="LINE" missed="0" covered="3"/><counter type="COMPLEXITY" missed="0" covered="1"/><counter type="METHOD" missed="0" covered="1"/></method><method name="getText" desc="()Ljava/lang/String;" line="10"><counter type="INSTRUCTION" missed="0" covered="8"/><counter type="LINE" missed="0" covered="1"/><counter type="COMPLEXITY" missed="0" covered="1"/><counter type="METHOD" missed="0" covered="1"/></method><counter type="INSTRUCTION" missed="0" covered="17"/><counter type="LINE" missed="0" covered="4"/><counter type="COMPLEXITY" missed="0" covered="2"/><counter type="METHOD" missed="0" covered="2"/><counter type="CLASS" missed="0" covered="1"/></class><class name="org/danceofvalkyries/job/data/telegram/message/local/LocalTelegramMessage" sourcefilename="LocalTelegramMessage.kt"><method name="&lt;init&gt;" desc="()V" line="5"><counter type="INSTRUCTION" missed="0" covered="3"/><counter type="LINE" missed="0" covered="1"/><counter type="COMPLEXITY" missed="0" covered="1"/><counter type="METHOD" missed="0" covered="1"/></method><method name="getId" desc="()J" line="10"><counter type="INSTRUCTION" missed="6" covered="0"/><counter type="LINE" missed="1" covered="0"/><counter type="COMPLEXITY" missed="1" covered="0"/><counter type="METHOD" missed="1" covered="0"/></method><method name="getImageUrl" desc="()Ljava/lang/String;" line="13"><counter type="INSTRUCTION" missed="0" covered="2"/><counter type="LINE" missed="0" covered="1"/><counter type="COMPLEXITY" missed="0" covered="1"/><counter type="METHOD" missed="0" covered="1"/></method><method name="getNestedButtons" desc="()Ljava/util/List;" line="16"><counter type="INSTRUCTION" missed="0" covered="2"/><counter type="LINE" missed="0" covered="1"/><counter type="COMPLEXITY" missed="0" covered="1"/><counter type="METHOD" missed="0" covered="1"/></method><counter type="INSTRUCTION" missed="6" covered="7"/><counter type="LINE" missed="1" covered="3"/><counter type="COMPLEXITY" missed="1" covered="3"/><counter type="METHOD" missed="1" covered="3"/><counter type="CLASS" missed="0" covered="1"/></class><class name="org/danceofvalkyries/job/data/telegram/message/local/SerializedMessage" sourcefilename="SerializedMessage.kt"><method name="&lt;init&gt;" desc="(JLjava/lang/String;)V" line="5"><counter type="INSTRUCTION" missed="0" covered="12"/><counter type="LINE" missed="0" covered="4"/><counter type="COMPLEXITY" missed="0" covered="1"/><counter type="METHOD" missed="0" covered="1"/></method><method name="getId" desc="()J" line="6"><counter type="INSTRUCTION" missed="0" covered="3"/><counter type="LINE" missed="0" covered="1"/><counter type="COMPLEXITY" missed="0" covered="1"/><counter type="METHOD" missed="0" covered="1"/></method><method name="getType" desc="()Ljava/lang/String;" line="7"><counter type="INSTRUCTION" missed="0" covered="3"/><counter type="LINE" missed="0" covered="1"/><counter type="COMPLEXITY" missed="0" covered="1"/><counter type="METHOD" missed="0" covered="1"/></method><method name="getText" desc="()Ljava/lang/String;" line="11"><counter type="INSTRUCTION" missed="6" covered="0"/><counter type="LINE" missed="1" covered="0"/><counter type="COMPLEXITY" missed="1" covered="0"/><counter type="METHOD" missed="1" covered="0"/></method><counter type="INSTRUCTION" missed="6" covered="18"/><counter type="LINE" missed="1" covered="4"/><counter type="COMPLEXITY" missed="1" covered="3"/><counter type="METHOD" missed="1" covered="3"/><counter type="CLASS" missed="0" covered="1"/></class><class name="org/danceofvalkyries/job/data/telegram/message/local/NeedRevisingNotificationMessage" sourcefilename="NeedRevisingNotificationMessage.kt"><method name="&lt;init&gt;" desc="(Lorg/danceofvalkyries/utils/resources/StringResources;Ljava/util/List;Ljava/util/List;)V" line="10"><counter type="INSTRUCTION" missed="0" covered="21"/><counter type="LINE" missed="0" covered="5"/><counter type="COMPLEXITY" missed="0" covered="1"/><counter type="METHOD" missed="0" covered="1"/></method><method name="getText" desc="()Ljava/lang/String;" line="17"><counter type="INSTRUCTION" missed="0" covered="10"/><counter type="LINE" missed="0" covered="1"/><counter type="COMPLEXITY" missed="0" covered="1"/><counter type="METHOD" missed="0" covered="1"/></method><method name="getNestedButtons" desc="()Ljava/util/List;" line="20"><counter type="INSTRUCTION" missed="0" covered="62"/><counter type="LINE" missed="0" covered="9"/><counter type="COMPLEXITY" missed="0" covered="1"/><counter type="METHOD" missed="0" covered="1"/></method><counter type="INSTRUCTION" missed="0" covered="93"/><counter type="LINE" missed="0" covered="15"/><counter type="COMPLEXITY" missed="0" covered="3"/><counter type="METHOD" missed="0" covered="3"/><counter type="CLASS" missed="0" covered="1"/></class><sourcefile name="LocalTelegramMessage.kt"><line nr="5" mi="0" ci="3" mb="0" cb="0"/><line nr="10" mi="4" ci="0" mb="0" cb="0"/><line nr="13" mi="0" ci="2" mb="0" cb="0"/><line nr="16" mi="0" ci="2" mb="0" cb="0"/><counter type="INSTRUCTION" missed="6" covered="7"/><counter type="LINE" missed="1" covered="3"/><counter type="COMPLEXITY" missed="1" covered="3"/><counter type="METHOD" missed="1" covered="3"/><counter type="CLASS" missed="0" covered="1"/></sourcefile><sourcefile name="DoneTelegramMessage.kt"><line nr="5" mi="0" ci="1" mb="0" cb="0"/><line nr="6" mi="0" ci="3" mb="0" cb="0"/><line nr="7" mi="0" ci="2" mb="0" cb="0"/><line nr="10" mi="0" ci="8" mb="0" cb="0"/><counter type="INSTRUCTION" missed="0" covered="17"/><counter type="LINE" missed="0" covered="4"/><counter type="COMPLEXITY" missed="0" covered="2"/><counter type="METHOD" missed="0" covered="2"/><counter type="CLASS" missed="0" covered="1"/></sourcefile><sourcefile name="FlashCardMessage.kt"><line nr="12" mi="0" ci="1" mb="0" cb="0"/><line nr="13" mi="0" ci="3" mb="0" cb="0"/><line nr="14" mi="0" ci="3" mb="0" cb="0"/><line nr="15" mi="0" ci="3" mb="0" cb="0"/><line nr="16" mi="0" ci="2" mb="0" cb="0"/><line nr="19" mi="0" ci="2" mb="0" cb="0"/><line nr="24" mi="0" ci="4" mb="0" cb="0"/><line nr="25" mi="0" ci="8" mb="0" cb="0"/><line nr="26" mi="0" ci="6" mb="0" cb="0"/><line nr="27" mi="0" ci="6" mb="0" cb="0"/><line nr="29" mi="0" ci="4" mb="0" cb="0"/><line nr="30" mi="0" ci="5" mb="0" cb="0"/><line nr="31" mi="0" ci="2" mb="1" cb="1"/><line nr="32" mi="0" ci="3" mb="0" cb="0"/><line nr="33" mi="0" ci="6" mb="0" cb="0"/><line nr="35" mi="0" ci="2" mb="1" cb="1"/><line nr="36" mi="0" ci="3" mb="0" cb="0"/><line nr="37" mi="0" ci="6" mb="0" cb="0"/><line nr="39" mi="0" ci="3" mb="0" cb="0"/><line nr="40" mi="0" ci="5" mb="0" cb="0"/><line nr="42" mi="0" ci="6" mb="0" cb="0"/><line nr="47" mi="0" ci="2" mb="0" cb="0"/><line nr="48" mi="0" ci="12" mb="0" cb="0"/><line nr="49" mi="0" ci="4" mb="0" cb="0"/><line nr="50" mi="0" ci="11" mb="0" cb="0"/><line nr="52" mi="0" ci="4" mb="0" cb="0"/><line nr="53" mi="0" ci="4" mb="0" cb="0"/><line nr="54" mi="0" ci="11" mb="0" cb="0"/><line nr="58" mi="0" ci="5" mb="0" cb="0"/><line nr="59" mi="0" ci="3" mb="0" cb="0"/><line nr="60" mi="0" ci="3" mb="0" cb="0"/><line nr="61" mi="0" ci="3" mb="0" cb="0"/><line nr="62" mi="0" ci="9" mb="0" cb="0"/><line nr="63" mi="0" ci="3" mb="0" cb="0"/><line nr="66" mi="0" ci="2" mb="0" cb="0"/><line nr="67" mi="0" ci="10" mb="0" cb="0"/><line nr="68" mi="0" ci="2" mb="0" cb="0"/><line nr="73" mi="0" ci="4" mb="0" cb="0"/><counter type="INSTRUCTION" missed="0" covered="184"/><counter type="BRANCH" missed="2" covered="2"/><counter type="LINE" missed="0" covered="38"/><counter type="COMPLEXITY" missed="2" covered="5"/><counter type="METHOD" missed="0" covered="5"/><counter type="CLASS" missed="0" covered="1"/></sourcefile><sourcefile name="NotificationMessage.kt"><line nr="3" mi="0" ci="3" mb="0" cb="0"/><line nr="6" mi="0" ci="2" mb="0" cb="0"/><counter type="INSTRUCTION" missed="0" covered="5"/><counter type="LINE" missed="0" covered="2"/><counter type="COMPLEXITY" missed="0" covered="2"/><counter type="METHOD" missed="0" covered="2"/><counter type="CLASS" missed="0" covered="1"/></sourcefile><sourcefile name="NeedRevisingNotificationMessage.kt"><line nr="10" mi="0" ci="1" mb="0" cb="0"/><line nr="11" mi="0" ci="3" mb="0" cb="0"/><line nr="12" mi="0" ci="3" mb="0" cb="0"/><line nr="13" mi="0" ci="3" mb="0" cb="0"/><line nr="14" mi="0" ci="2" mb="0" cb="0"/><line nr="17" mi="0" ci="10" mb="0" cb="0"/><line nr="20" mi="0" ci="4" mb="0" cb="0"/><line nr="21" mi="0" ci="5" mb="0" cb="0"/><line nr="22" mi="0" ci="11" mb="0" cb="0"/><line nr="23" mi="0" ci="12" mb="0" cb="0"/><line nr="24" mi="0" ci="3" mb="0" cb="0"/><line nr="25" mi="0" ci="6" mb="0" cb="0"/><line nr="26" mi="0" ci="10" mb="0" cb="0"/><line nr="27" mi="0" ci="3" mb="0" cb="0"/><line nr="28" mi="0" ci="8" mb="0" cb="0"/><counter type="INSTRUCTION" missed="0" covered="93"/><counter type="LINE" missed="0" covered="15"/><counter type="COMPLEXITY" missed="0" covered="3"/><counter type="METHOD" missed="0" covered="3"/><counter type="CLASS" missed="0" covered="1"/></sourcefile><sourcefile name="SerializedMessage.kt"><line nr="5" mi="0" ci="1" mb="0" cb="0"/><line nr="6" mi="0" ci="6" mb="0" cb="0"/><line nr="7" mi="0" ci="6" mb="0" cb="0"/><line nr="8" mi="0" ci="2" mb="0" cb="0"/><line nr="11" mi="4" ci="0" mb="0" cb="0"/><counter type="INSTRUCTION" missed="6" covered="18"/><counter type="LINE" missed="1" covered="4"/><counter type="COMPLEXITY" missed="1" covered="3"/><counter type="METHOD" missed="1" covered="3"/><counter type="CLASS" missed="0" covered="1"/></sourcefile><counter type="INSTRUCTION" missed="12" covered="324"/><counter type="BRANCH" missed="2" covered="2"/><counter type="LINE" missed="2" covered="66"/><counter type="COMPLEXITY" missed="4" covered="18"/><counter type="METHOD" missed="2" covered="18"/><counter type="CLASS" missed="0" covered="6"/></package><package name="org/danceofvalkyries/job/data/telegram/bot"><class name="org/danceofvalkyries/job/data/telegram/bot/TelegramBotImpl" sourcefilename="TelegramBotImpl.kt"><method name="&lt;init&gt;" desc="(Lorg/danceofvalkyries/job/data/telegram/chat/TelegramChat;Lorg/danceofvalkyries/job/data/notion/databases/NotionDataBases;Lorg/danceofvalkyries/job/data/notion/databases/NotionDataBases;Lorg/danceofvalkyries/job/data/telegram/message_types/SentTelegramMessagesType;Lorg/danceofvalkyries/job/data/dictionary/OnlineDictionaries;Lorg/danceofvalkyries/utils/resources/StringResources;Lorg/danceofvalkyries/utils/Dispatchers;)V" line="20"><counter type="INSTRUCTION" missed="0" covered="48"/><counter type="LINE" missed="0" covered="9"/><counter type="COMPLEXITY" missed="0" covered="1"/><counter type="METHOD" missed="0" covered="1"/></method><method name="editOldNotificationMessageToDoneMessage" desc="(Lkotlin/coroutines/Continuation;)Ljava/lang/Object;" line="38"><counter type="INSTRUCTION" missed="0" covered="11"/><counter type="LINE" missed="0" covered="3"/><counter type="COMPLEXITY" missed="0" covered="1"/><counter type="METHOD" missed="0" covered="1"/></method><method name="sendNotification" desc="(Lkotlin/coroutines/Continuation;)Ljava/lang/Object;" line="43"><counter type="INSTRUCTION" missed="0" covered="66"/><counter type="LINE" missed="0" covered="7"/><counter type="COMPLEXITY" missed="0" covered="1"/><counter type="METHOD" missed="0" covered="1"/></method><method name="startRepetitionSessionFor" desc="(Ljava/lang/String;Lkotlin/coroutines/Continuation;)Ljava/lang/Object;" line="54"><counter type="INSTRUCTION" missed="0" covered="17"/><counter type="LINE" missed="0" covered="4"/><counter type="COMPLEXITY" missed="0" covered="1"/><counter type="METHOD" missed="0" covered="1"/></method><method name="makeForgotten" desc="(Ljava/lang/String;Lkotlin/coroutines/Continuation;)Ljava/lang/Object;" line="60"><counter type="INSTRUCTION" missed="2" covered="5"/><counter type="LINE" missed="1" covered="1"/><counter type="COMPLEXITY" missed="0" covered="1"/><counter type="METHOD" missed="0" covered="1"/></method><method name="makeRecalled" desc="(Ljava/lang/String;Lkotlin/coroutines/Continuation;)Ljava/lang/Object;" line="64"><counter type="INSTRUCTION" missed="2" covered="5"/><counter type="LINE" missed="1" covered="1"/><counter type="COMPLEXITY" missed="0" covered="1"/><counter type="METHOD" missed="0" covered="1"/></method><method name="deleteMessage" desc="(JLkotlin/coroutines/Continuation;)Ljava/lang/Object;" line="68"><counter type="INSTRUCTION" missed="0" covered="7"/><counter type="LINE" missed="0" covered="2"/><counter type="COMPLEXITY" missed="0" covered="1"/><counter type="METHOD" missed="0" covered="1"/></method><method name="performAction" desc="(Ljava/lang/String;Lkotlin/jvm/functions/Function1;Lkotlin/coroutines/Continuation;)Ljava/lang/Object;" line="71"><counter type="INSTRUCTION" missed="0" covered="226"/><counter type="BRANCH" missed="0" covered="4"/><counter type="LINE" missed="0" covered="22"/><counter type="COMPLEXITY" missed="0" covered="3"/><counter type="METHOD" missed="0" covered="1"/></method><method name="getAllFlashCard" desc="(Lkotlin/coroutines/Continuation;)Ljava/lang/Object;" line="108"><counter type="INSTRUCTION" missed="0" covered="12"/><counter type="LINE" missed="0" covered="4"/><counter type="COMPLEXITY" missed="0" covered="1"/><counter type="METHOD" missed="0" covered="1"/></method><method name="NeedRevisingFlashCardMessage" desc="(Ljava/util/List;Lkotlin/coroutines/Continuation;)Ljava/lang/Object;" line="115"><counter type="INSTRUCTION" missed="0" covered="34"/><counter type="LINE" missed="0" covered="4"/><counter type="COMPLEXITY" missed="0" covered="1"/><counter type="METHOD" missed="0" covered="1"/></method><method name="sendMessageAndSave" desc="(Lorg/danceofvalkyries/job/data/telegram/message/local/LocalTelegramMessage;Lkotlin/coroutines/Continuation;)Ljava/lang/Object;" line="122"><counter type="INSTRUCTION" missed="0" covered="41"/><counter type="LINE" missed="0" covered="7"/><counter type="COMPLEXITY" missed="0" covered="1"/><counter type="METHOD" missed="0" covered="1"/></method><method name="removedCachedMessages" desc="(Ljava/lang/String;Lkotlin/coroutines/Continuation;)Ljava/lang/Object;" line="130"><counter type="INSTRUCTION" missed="0" covered="32"/><counter type="LINE" missed="0" covered="4"/><counter type="COMPLEXITY" missed="0" covered="1"/><counter type="METHOD" missed="0" covered="1"/></method><method name="removedTelegramMessages" desc="(Ljava/lang/String;Lkotlin/coroutines/Continuation;)Ljava/lang/Object;" line="135"><counter type="INSTRUCTION" missed="0" covered="33"/><counter type="LINE" missed="0" covered="4"/><counter type="COMPLEXITY" missed="0" covered="1"/><counter type="METHOD" missed="0" covered="1"/></method><method name="editNotificationMessageTo" desc="(Lorg/danceofvalkyries/job/data/telegram/message/local/LocalTelegramMessage;Lkotlin/coroutines/Continuation;)Ljava/lang/Object;" line="140"><counter type="INSTRUCTION" missed="0" covered="41"/><counter type="LINE" missed="0" covered="6"/><counter type="COMPLEXITY" missed="0" covered="1"/><counter type="METHOD" missed="0" covered="1"/></method><method name="sendFlashCardMessage" desc="(Lorg/danceofvalkyries/job/data/notion/pages/NotionPageFlashCard;Lkotlin/coroutines/Continuation;)Ljava/lang/Object;" line="148"><counter type="INSTRUCTION" missed="0" covered="17"/><counter type="LINE" missed="0" covered="6"/><counter type="COMPLEXITY" missed="0" covered="1"/><counter type="METHOD" missed="0" covered="1"/></method><method name="makeForgotten$lambda$0" desc="(Lorg/danceofvalkyries/job/data/notion/pages/NotionPageFlashCard;)Ljava/util/Map;" line="60"><counter type="INSTRUCTION" missed="0" covered="6"/><counter type="LINE" missed="0" covered="1"/><counter type="COMPLEXITY" missed="0" covered="1"/><counter type="METHOD" missed="0" covered="1"/></method><method name="makeRecalled$lambda$1" desc="(Lorg/danceofvalkyries/job/data/notion/pages/NotionPageFlashCard;)Ljava/util/Map;" line="64"><counter type="INSTRUCTION" missed="0" covered="6"/><counter type="LINE" missed="0" covered="1"/><counter type="COMPLEXITY" missed="0" covered="1"/><counter type="METHOD" missed="0" covered="1"/></method><method name="getAllFlashCard$lambda$3" desc="(Lorg/danceofvalkyries/job/data/notion/databases/NotionDataBase;)Lkotlin/sequences/Sequence;" line="110"><counter type="INSTRUCTION" missed="0" covered="6"/><counter type="LINE" missed="0" covered="1"/><counter type="COMPLEXITY" missed="0" covered="1"/><counter type="METHOD" missed="0" covered="1"/></method><counter type="INSTRUCTION" missed="4" covered="613"/><counter type="BRANCH" missed="0" covered="4"/><counter type="LINE" missed="2" covered="84"/><counter type="COMPLEXITY" missed="0" covered="20"/><counter type="METHOD" missed="0" covered="18"/><counter type="CLASS" missed="0" covered="1"/></class><class name="org/danceofvalkyries/job/data/telegram/bot/TelegramBotImpl$getAllFlashCard$1" sourcefilename="TelegramBotImpl.kt"/><class name="org/danceofvalkyries/job/data/telegram/bot/TelegramBotImpl$editNotificationMessageTo$1" sourcefilename="TelegramBotImpl.kt"/><class name="org/danceofvalkyries/job/data/telegram/bot/TelegramBotImpl$sendMessageAndSave$1" sourcefilename="TelegramBotImpl.kt"/><class name="org/danceofvalkyries/job/data/telegram/bot/TelegramBot" sourcefilename="TelegramBot.kt"/><class name="org/danceofvalkyries/job/data/telegram/bot/TelegramBotImpl$sendNotification$1" sourcefilename="TelegramBotImpl.kt"/><class name="org/danceofvalkyries/job/data/telegram/bot/TelegramBotImpl$Companion" sourcefilename="TelegramBotImpl.kt"/><class name="org/danceofvalkyries/job/data/telegram/bot/TelegramBotImpl$removedCachedMessages$1" sourcefilename="TelegramBotImpl.kt"/><class name="org/danceofvalkyries/job/data/telegram/bot/TelegramBotImpl$removedTelegramMessages$1" sourcefilename="TelegramBotImpl.kt"/><class name="org/danceofvalkyries/job/data/telegram/bot/TelegramBotImpl$performAction$5" sourcefilename="TelegramBotImpl.kt"><method name="invokeSuspend" desc="(Ljava/lang/Object;)Ljava/lang/Object;" line="98"><counter type="INSTRUCTION" missed="0" covered="14"/><counter type="LINE" missed="0" covered="1"/><counter type="COMPLEXITY" missed="0" covered="1"/><counter type="METHOD" missed="0" covered="1"/></method><counter type="INSTRUCTION" missed="0" covered="14"/><counter type="LINE" missed="0" covered="1"/><counter type="COMPLEXITY" missed="0" covered="1"/><counter type="METHOD" missed="0" covered="1"/><counter type="CLASS" missed="0" covered="1"/></class><class name="org/danceofvalkyries/job/data/telegram/bot/TelegramBotImpl$performAction$4" sourcefilename="TelegramBotImpl.kt"><method name="invokeSuspend" desc="(Ljava/lang/Object;)Ljava/lang/Object;" line="89"><counter type="INSTRUCTION" missed="0" covered="13"/><counter type="LINE" missed="0" covered="1"/><counter type="COMPLEXITY" missed="0" covered="1"/><counter type="METHOD" missed="0" covered="1"/></method><counter type="INSTRUCTION" missed="0" covered="13"/><counter type="LINE" missed="0" covered="1"/><counter type="COMPLEXITY" missed="0" covered="1"/><counter type="METHOD" missed="0" covered="1"/><counter type="CLASS" missed="0" covered="1"/></class><class name="org/danceofvalkyries/job/data/telegram/bot/TelegramBotImpl$performAction$6" sourcefilename="TelegramBotImpl.kt"><method name="invokeSuspend" desc="(Ljava/lang/Object;)Ljava/lang/Object;" line="99"><counter type="INSTRUCTION" missed="5" covered="22"/><counter type="BRANCH" missed="1" covered="1"/><counter type="LINE" missed="0" covered="6"/><counter type="COMPLEXITY" missed="1" covered="1"/><counter type="METHOD" missed="0" covered="1"/></method><counter type="INSTRUCTION" missed="5" covered="22"/><counter type="BRANCH" missed="1" covered="1"/><counter type="LINE" missed="0" covered="6"/><counter type="COMPLEXITY" missed="1" covered="1"/><counter type="METHOD" missed="0" covered="1"/><counter type="CLASS" missed="0" covered="1"/></class><class name="org/danceofvalkyries/job/data/telegram/bot/TelegramBotImpl$NeedRevisingFlashCardMessage$1" sourcefilename="TelegramBotImpl.kt"/><class name="org/danceofvalkyries/job/data/telegram/bot/TelegramBotImpl$performAction$1" sourcefilename="TelegramBotImpl.kt"/><class name="org/danceofvalkyries/job/data/telegram/bot/TelegramBotImpl$performAction$2" sourcefilename="TelegramBotImpl.kt"><method name="invokeSuspend" desc="(Ljava/lang/Object;)Ljava/lang/Object;" line="80"><counter type="INSTRUCTION" missed="0" covered="27"/><counter type="LINE" missed="0" covered="3"/><counter type="COMPLEXITY" missed="0" covered="1"/><counter type="METHOD" missed="0" covered="1"/></method><counter type="INSTRUCTION" missed="0" covered="27"/><counter type="LINE" missed="0" covered="3"/><counter type="COMPLEXITY" missed="0" covered="1"/><counter type="METHOD" missed="0" covered="1"/><counter type="CLASS" missed="0" covered="1"/></class><sourcefile name="TelegramBot.kt"/><sourcefile name="TelegramBotImpl.kt"><line nr="20" mi="0" ci="3" mb="0" cb="0"/><line nr="21" mi="0" ci="3" mb="0" cb="0"/><line nr="22" mi="0" ci="3" mb="0" cb="0"/><line nr="23" mi="0" ci="3" mb="0" cb="0"/><line nr="24" mi="0" ci="3" mb="0" cb="0"/><line nr="25" mi="0" ci="3" mb="0" cb="0"/><line nr="26" mi="0" ci="3" mb="0" cb="0"/><line nr="27" mi="0" ci="3" mb="0" cb="0"/><line nr="35" mi="0" ci="3" mb="0" cb="0"/><line nr="38" mi="0" ci="3" mb="0" cb="0"/><line nr="39" mi="0" ci="7" mb="0" cb="0"/><line nr="41" mi="0" ci="1" mb="0" cb="0"/><line nr="43" mi="0" ci="8" mb="0" cb="0"/><line nr="44" mi="0" ci="10" mb="0" cb="0"/><line nr="45" mi="0" ci="11" mb="0" cb="0"/><line nr="46" mi="0" ci="10" mb="0" cb="0"/><line nr="47" mi="0" ci="12" mb="0" cb="0"/><line nr="48" mi="0" ci="12" mb="0" cb="0"/><line nr="51" mi="0" ci="3" mb="0" cb="0"/><line nr="54" mi="0" ci="3" mb="0" cb="0"/><line nr="55" mi="0" ci="8" mb="0" cb="0"/><line nr="56" mi="0" ci="5" mb="0" cb="0"/><line nr="57" mi="0" ci="1" mb="0" cb="0"/><line nr="60" mi="1" ci="8" mb="0" cb="0"/><line nr="61" mi="1" ci="0" mb="0" cb="0"/><line nr="64" mi="1" ci="8" mb="0" cb="0"/><line nr="65" mi="1" ci="0" mb="0" cb="0"/><line nr="68" mi="0" ci="6" mb="0" cb="0"/><line nr="69" mi="0" ci="1" mb="0" cb="0"/><line nr="71" mi="0" ci="5" mb="0" cb="0"/><line nr="72" mi="0" ci="6" mb="0" cb="0"/><line nr="73" mi="0" ci="6" mb="0" cb="0"/><line nr="74" mi="0" ci="4" mb="0" cb="0"/><line nr="76" mi="0" ci="5" mb="0" cb="0"/><line nr="78" mi="0" ci="26" mb="0" cb="0"/><line nr="79" mi="0" ci="9" mb="0" cb="0"/><line nr="80" mi="0" ci="4" mb="0" cb="0"/><line nr="81" mi="0" ci="21" mb="0" cb="0"/><line nr="82" mi="0" ci="2" mb="0" cb="0"/><line nr="83" mi="0" ci="2" mb="0" cb="0"/><line nr="84" mi="0" ci="21" mb="0" cb="0"/><line nr="85" mi="0" ci="29" mb="0" cb="0"/><line nr="86" mi="0" ci="3" mb="0" cb="0"/><line nr="87" mi="0" ci="5" mb="0" cb="0"/><line nr="88" mi="0" ci="2" mb="0" cb="2"/><line nr="89" mi="0" ci="22" mb="0" cb="0"/><line nr="92" mi="0" ci="24" mb="0" cb="0"/><line nr="93" mi="0" ci="4" mb="0" cb="2"/><line nr="94" mi="0" ci="7" mb="0" cb="0"/><line nr="96" mi="0" ci="19" mb="0" cb="0"/><line nr="98" mi="0" ci="23" mb="0" cb="0"/><line nr="99" mi="5" ci="16" mb="1" cb="1"/><line nr="100" mi="0" ci="3" mb="0" cb="0"/><line nr="101" mi="0" ci="4" mb="0" cb="0"/><line nr="102" mi="0" ci="3" mb="0" cb="0"/><line nr="103" mi="0" ci="3" mb="0" cb="0"/><line nr="104" mi="0" ci="2" mb="0" cb="0"/><line nr="105" mi="0" ci="18" mb="0" cb="0"/><line nr="106" mi="0" ci="3" mb="0" cb="0"/><line nr="108" mi="0" ci="2" mb="0" cb="0"/><line nr="109" mi="0" ci="8" mb="0" cb="0"/><line nr="110" mi="0" ci="4" mb="0" cb="0"/><line nr="111" mi="0" ci="1" mb="0" cb="0"/><line nr="115" mi="0" ci="10" mb="0" cb="0"/><line nr="116" mi="0" ci="2" mb="0" cb="0"/><line nr="117" mi="0" ci="3" mb="0" cb="0"/><line nr="118" mi="0" ci="19" mb="0" cb="0"/><line nr="122" mi="0" ci="2" mb="0" cb="0"/><line nr="123" mi="0" ci="15" mb="0" cb="0"/><line nr="124" mi="0" ci="4" mb="0" cb="0"/><line nr="125" mi="0" ci="2" mb="0" cb="0"/><line nr="126" mi="0" ci="2" mb="0" cb="0"/><line nr="127" mi="0" ci="13" mb="0" cb="0"/><line nr="128" mi="0" ci="3" mb="0" cb="0"/><line nr="130" mi="0" ci="2" mb="0" cb="0"/><line nr="131" mi="0" ci="11" mb="0" cb="0"/><line nr="132" mi="0" ci="17" mb="0" cb="0"/><line nr="133" mi="0" ci="2" mb="0" cb="0"/><line nr="135" mi="0" ci="2" mb="0" cb="0"/><line nr="136" mi="0" ci="11" mb="0" cb="0"/><line nr="137" mi="0" ci="18" mb="0" cb="0"/><line nr="138" mi="0" ci="2" mb="0" cb="0"/><line nr="140" mi="0" ci="2" mb="0" cb="0"/><line nr="141" mi="0" ci="14" mb="0" cb="0"/><line nr="142" mi="0" ci="2" mb="0" cb="0"/><line nr="143" mi="0" ci="20" mb="0" cb="0"/><line nr="144" mi="0" ci="1" mb="0" cb="0"/><line nr="145" mi="0" ci="2" mb="0" cb="0"/><line nr="148" mi="0" ci="3" mb="0" cb="0"/><line nr="149" mi="0" ci="5" mb="0" cb="0"/><line nr="150" mi="0" ci="1" mb="0" cb="0"/><line nr="151" mi="0" ci="2" mb="0" cb="0"/><line nr="152" mi="0" ci="5" mb="0" cb="0"/><line nr="155" mi="0" ci="1" mb="0" cb="0"/><counter type="INSTRUCTION" missed="9" covered="689"/><counter type="BRANCH" missed="1" covered="5"/><counter type="LINE" missed="2" covered="92"/><counter type="COMPLEXITY" missed="1" covered="24"/><counter type="METHOD" missed="0" covered="22"/><counter type="CLASS" missed="0" covered="5"/></sourcefile><counter type="INSTRUCTION" missed="9" covered="689"/><counter type="BRANCH" missed="1" covered="5"/><counter type="LINE" missed="2" covered="92"/><counter type="COMPLEXITY" missed="1" covered="24"/><counter type="METHOD" missed="0" covered="22"/><counter type="CLASS" missed="0" covered="5"/></package><package name="org/danceofvalkyries/job/data/dictionary"><class name="org/danceofvalkyries/job/data/dictionary/OnlineDictionaries" sourcefilename="OnlineDictionaries.kt"/><class name="org/danceofvalkyries/job/data/dictionary/OnlineDictionary" sourcefilename="OnlineDictionary.kt"/><sourcefile name="OnlineDictionaries.kt"/><sourcefile name="OnlineDictionary.kt"/></package><package name="org/danceofvalkyries/job/data/telegram/message"><class name="org/danceofvalkyries/job/data/telegram/message/ConstantTelegramMessageButton" sourcefilename="ConstantTelegramMessageButton.kt"><method name="&lt;init&gt;" desc="(Ljava/lang/String;Lorg/danceofvalkyries/job/data/telegram/message/TelegramMessage$Button$Action;)V" line="3"><counter type="INSTRUCTION" missed="0" covered="15"/><counter type="LINE" missed="0" covered="3"/><counter type="COMPLEXITY" missed="0" covered="1"/><counter type="METHOD" missed="0" covered="1"/></method><method name="getText" desc="()Ljava/lang/String;" line="4"><counter type="INSTRUCTION" missed="0" covered="3"/><counter type="LINE" missed="0" covered="1"/><counter type="COMPLEXITY" missed="0" covered="1"/><counter type="METHOD" missed="0" covered="1"/></method><method name="getAction" desc="()Lorg/danceofvalkyries/job/data/telegram/message/TelegramMessage$Button$Action;" line="5"><counter type="INSTRUCTION" missed="0" covered="3"/><counter type="LINE" missed="0" covered="1"/><counter type="COMPLEXITY" missed="0" covered="1"/><counter type="METHOD" missed="0" covered="1"/></method><counter type="INSTRUCTION" missed="0" covered="21"/><counter type="LINE" missed="0" covered="3"/><counter type="COMPLEXITY" missed="0" covered="3"/><counter type="METHOD" missed="0" covered="3"/><counter type="CLASS" missed="0" covered="1"/></class><class name="org/danceofvalkyries/job/data/telegram/message/TelegramMessage$Button$Action$Text" sourcefilename="TelegramMessage.kt"><method name="&lt;init&gt;" desc="(Ljava/lang/String;)V" line="19"><counter type="INSTRUCTION" missed="0" covered="11"/><counter type="LINE" missed="0" covered="1"/><counter type="COMPLEXITY" missed="0" covered="1"/><counter type="METHOD" missed="0" covered="1"/></method><method name="getValue" desc="()Ljava/lang/String;" line="19"><counter type="INSTRUCTION" missed="0" covered="3"/><counter type="LINE" missed="0" covered="1"/><counter type="COMPLEXITY" missed="0" covered="1"/><counter type="METHOD" missed="0" covered="1"/></method><counter type="INSTRUCTION" missed="0" covered="14"/><counter type="LINE" missed="0" covered="1"/><counter type="COMPLEXITY" missed="0" covered="2"/><counter type="METHOD" missed="0" covered="2"/><counter type="CLASS" missed="0" covered="1"/></class><class name="org/danceofvalkyries/job/data/telegram/message/TelegramMessage" sourcefilename="TelegramMessage.kt"/><class name="org/danceofvalkyries/job/data/telegram/message/TelegramMessage$Button$Callback" sourcefilename="TelegramMessage.kt"/><class name="org/danceofvalkyries/job/data/telegram/message/TelegramMessage$Button$Action$CallBackData" sourcefilename="TelegramMessage.kt"><method name="&lt;init&gt;" desc="(Ljava/lang/String;)V" line="18"><counter type="INSTRUCTION" missed="0" covered="11"/><counter type="LINE" missed="0" covered="1"/><counter type="COMPLEXITY" missed="0" covered="1"/><counter type="METHOD" missed="0" covered="1"/></method><method name="getValue" desc="()Ljava/lang/String;" line="18"><counter type="INSTRUCTION" missed="0" covered="3"/><counter type="LINE" missed="0" covered="1"/><counter type="COMPLEXITY" missed="0" covered="1"/><counter type="METHOD" missed="0" covered="1"/></method><counter type="INSTRUCTION" missed="0" covered="14"/><counter type="LINE" missed="0" covered="1"/><counter type="COMPLEXITY" missed="0" covered="2"/><counter type="METHOD" missed="0" covered="2"/><counter type="CLASS" missed="0" covered="1"/></class><class name="org/danceofvalkyries/job/data/telegram/message/TelegramMessageKt" sourcefilename="TelegramMessage.kt"><method name="sendTo" desc="(Lorg/danceofvalkyries/job/data/telegram/message/TelegramMessage;Lorg/danceofvalkyries/job/data/telegram/chat/TelegramChat;Lkotlin/coroutines/Continuation;)Ljava/lang/Object;" line="32"><counter type="INSTRUCTION" missed="0" covered="5"/><counter type="LINE" missed="0" covered="1"/><counter type="COMPLEXITY" missed="0" covered="1"/><counter type="METHOD" missed="0" covered="1"/></method><method name="edit" desc="(Lorg/danceofvalkyries/job/data/telegram/message/TelegramMessage;Lorg/danceofvalkyries/job/data/telegram/message/TelegramMessage;Lorg/danceofvalkyries/job/data/telegram/chat/TelegramChat;Lkotlin/coroutines/Continuation;)Ljava/lang/Object;" line="39"><counter type="INSTRUCTION" missed="0" covered="10"/><counter type="LINE" missed="0" covered="4"/><counter type="COMPLEXITY" missed="0" covered="1"/><counter type="METHOD" missed="0" covered="1"/></method><method name="deleteFrom" desc="(Lorg/danceofvalkyries/job/data/telegram/message/TelegramMessage;Lorg/danceofvalkyries/job/data/telegram/chat/TelegramChat;Lkotlin/coroutines/Continuation;)Ljava/lang/Object;" line="47"><counter type="INSTRUCTION" missed="0" covered="7"/><counter type="LINE" missed="0" covered="2"/><counter type="COMPLEXITY" missed="0" covered="1"/><counter type="METHOD" missed="0" covered="1"/></method><counter type="INSTRUCTION" missed="0" covered="22"/><counter type="LINE" missed="0" covered="7"/><counter type="COMPLEXITY" missed="0" covered="3"/><counter type="METHOD" missed="0" covered="3"/><counter type="CLASS" missed="0" covered="1"/></class><class name="org/danceofvalkyries/job/data/telegram/message/TelegramMessage$Button" sourcefilename="TelegramMessage.kt"/><class name="org/danceofvalkyries/job/data/telegram/message/TelegramMessage$Button$Action$Url" sourcefilename="TelegramMessage.kt"><method name="&lt;init&gt;" desc="(Ljava/lang/String;)V" line="17"><counter type="INSTRUCTION" missed="0" covered="11"/><counter type="LINE" missed="0" covered="1"/><counter type="COMPLEXITY" missed="0" covered="1"/><counter type="METHOD" missed="0" covered="1"/></method><method name="getValue" desc="()Ljava/lang/String;" line="17"><counter type="INSTRUCTION" missed="0" covered="3"/><counter type="LINE" missed="0" covered="1"/><counter type="COMPLEXITY" missed="0" covered="1"/><counter type="METHOD" missed="0" covered="1"/></method><counter type="INSTRUCTION" missed="0" covered="14"/><counter type="LINE" missed="0" covered="1"/><counter type="COMPLEXITY" missed="0" covered="2"/><counter type="METHOD" missed="0" covered="2"/><counter type="CLASS" missed="0" covered="1"/></class><class name="org/danceofvalkyries/job/data/telegram/message/TelegramMessage$Button$Action" sourcefilename="TelegramMessage.kt"><method name="&lt;init&gt;" desc="(Ljava/lang/String;)V" line="16"><counter type="INSTRUCTION" missed="0" covered="6"/><counter type="LINE" missed="0" covered="1"/><counter type="COMPLEXITY" missed="0" covered="1"/><counter type="METHOD" missed="0" covered="1"/></method><method name="getValue" desc="()Ljava/lang/String;" line="16"><counter type="INSTRUCTION" missed="3" covered="0"/><counter type="LINE" missed="1" covered="0"/><counter type="COMPLEXITY" missed="1" covered="0"/><counter type="METHOD" missed="1" covered="0"/></method><counter type="INSTRUCTION" missed="3" covered="6"/><counter type="LINE" missed="0" covered="1"/><counter type="COMPLEXITY" missed="1" covered="1"/><counter type="METHOD" missed="1" covered="1"/><counter type="CLASS" missed="0" covered="1"/></class><sourcefile name="TelegramMessage.kt"><line nr="16" mi="3" ci="6" mb="0" cb="0"/><line nr="17" mi="0" ci="11" mb="0" cb="0"/><line nr="18" mi="0" ci="11" mb="0" cb="0"/><line nr="19" mi="0" ci="11" mb="0" cb="0"/><line nr="32" mi="0" ci="5" mb="0" cb="0"/><line nr="39" mi="0" ci="3" mb="0" cb="0"/><line nr="40" mi="0" ci="2" mb="0" cb="0"/><line nr="41" mi="0" ci="2" mb="0" cb="0"/><line nr="42" mi="0" ci="3" mb="0" cb="0"/><line nr="47" mi="0" ci="6" mb="0" cb="0"/><line nr="48" mi="0" ci="1" mb="0" cb="0"/><counter type="INSTRUCTION" missed="3" covered="70"/><counter type="LINE" missed="0" covered="11"/><counter type="COMPLEXITY" missed="1" covered="10"/><counter type="METHOD" missed="1" covered="10"/><counter type="CLASS" missed="0" covered="5"/></sourcefile><sourcefile name="ConstantTelegramMessageButton.kt"><line nr="3" mi="0" ci="3" mb="0" cb="0"/><line nr="4" mi="0" ci="6" mb="0" cb="0"/><line nr="5" mi="0" ci="6" mb="0" cb="0"/><counter type="INSTRUCTION" missed="0" covered="21"/><counter type="LINE" missed="0" covered="3"/><counter type="COMPLEXITY" missed="0" covered="3"/><counter type="METHOD" missed="0" covered="3"/><counter type="CLASS" missed="0" covered="1"/></sourcefile><counter type="INSTRUCTION" missed="3" covered="91"/><counter type="LINE" missed="0" covered="14"/><counter type="COMPLEXITY" missed="1" covered="13"/><counter type="METHOD" missed="1" covered="13"/><counter type="CLASS" missed="0" covered="6"/></package><package name="org/danceofvalkyries/utils/rest/clients/sever"><class name="org/danceofvalkyries/utils/rest/clients/sever/KtorSeverClient$getWebHook$1" sourcefilename="KtorSeverClient.kt"><method name="invokeSuspend" desc="(Ljava/lang/Object;)Ljava/lang/Object;" line="15"><counter type="INSTRUCTION" missed="34" covered="0"/><counter type="BRANCH" missed="2" covered="0"/><counter type="LINE" missed="4" covered="0"/><counter type="COMPLEXITY" missed="2" covered="0"/><counter type="METHOD" missed="1" covered="0"/></method><method name="invokeSuspend$lambda$1$lambda$0" desc="(Lkotlinx/coroutines/channels/ProducerScope;Lio/ktor/server/routing/Routing;)Lkotlin/Unit;" line="18"><counter type="INSTRUCTION" missed="13" covered="0"/><counter type="LINE" missed="2" covered="0"/><counter type="COMPLEXITY" missed="1" covered="0"/><counter type="METHOD" missed="1" covered="0"/></method><method name="invokeSuspend$lambda$1" desc="(Lkotlinx/coroutines/channels/ProducerScope;Lio/ktor/server/application/Application;)Lkotlin/Unit;" line="17"><counter type="INSTRUCTION" missed="7" covered="0"/><counter type="LINE" missed="2" covered="0"/><counter type="COMPLEXITY" missed="1" covered="0"/><counter type="METHOD" missed="1" covered="0"/></method><counter type="INSTRUCTION" missed="54" covered="0"/><counter type="BRANCH" missed="2" covered="0"/><counter type="LINE" missed="7" covered="0"/><counter type="COMPLEXITY" missed="4" covered="0"/><counter type="METHOD" missed="3" covered="0"/><counter type="CLASS" missed="1" covered="0"/></class><class name="org/danceofvalkyries/utils/rest/clients/sever/KtorSeverClient$getWebHook$1$1$1$1" sourcefilename="KtorSeverClient.kt"><method name="invokeSuspend" desc="(Ljava/lang/Object;)Ljava/lang/Object;" line="18"><counter type="INSTRUCTION" missed="38" covered="0"/><counter type="LINE" missed="4" covered="0"/><counter type="COMPLEXITY" missed="1" covered="0"/><counter type="METHOD" missed="1" covered="0"/></method><counter type="INSTRUCTION" missed="38" covered="0"/><counter type="LINE" missed="4" covered="0"/><counter type="COMPLEXITY" missed="1" covered="0"/><counter type="METHOD" missed="1" covered="0"/><counter type="CLASS" missed="1" covered="0"/></class><class name="org/danceofvalkyries/utils/rest/clients/sever/SeverClient" sourcefilename="SeverClient.kt"/><class name="org/danceofvalkyries/utils/rest/clients/sever/KtorSeverClient" sourcefilename="KtorSeverClient.kt"><method name="&lt;init&gt;" desc="()V" line="12"><counter type="INSTRUCTION" missed="0" covered="3"/><counter type="LINE" missed="0" covered="1"/><counter type="COMPLEXITY" missed="0" covered="1"/><counter type="METHOD" missed="0" covered="1"/></method><method name="getWebHook" desc="()Lkotlinx/coroutines/flow/Flow;" line="15"><counter type="INSTRUCTION" missed="7" covered="0"/><counter type="LINE" missed="1" covered="0"/><counter type="COMPLEXITY" missed="1" covered="0"/><counter type="METHOD" missed="1" covered="0"/></method><counter type="INSTRUCTION" missed="7" covered="3"/><counter type="LINE" missed="1" covered="1"/><counter type="COMPLEXITY" missed="1" covered="1"/><counter type="METHOD" missed="1" covered="1"/><counter type="CLASS" missed="0" covered="1"/></class><sourcefile name="KtorSeverClient.kt"><line nr="12" mi="0" ci="3" mb="0" cb="0"/><line nr="15" mi="22" ci="0" mb="2" cb="0"/><line nr="16" mi="13" ci="0" mb="0" cb="0"/><line nr="17" mi="5" ci="0" mb="0" cb="0"/><line nr="18" mi="15" ci="0" mb="0" cb="0"/><line nr="19" mi="22" ci="0" mb="0" cb="0"/><line nr="20" mi="10" ci="0" mb="0" cb="0"/><line nr="21" mi="2" ci="0" mb="0" cb="0"/><line nr="22" mi="2" ci="0" mb="0" cb="0"/><line nr="23" mi="5" ci="0" mb="0" cb="0"/><line nr="24" mi="2" ci="0" mb="0" cb="0"/><counter type="INSTRUCTION" missed="99" covered="3"/><counter type="BRANCH" missed="2" covered="0"/><counter type="LINE" missed="10" covered="1"/><counter type="COMPLEXITY" missed="6" covered="1"/><counter type="METHOD" missed="5" covered="1"/><counter type="CLASS" missed="2" covered="1"/></sourcefile><sourcefile name="SeverClient.kt"/><counter type="INSTRUCTION" missed="99" covered="3"/><counter type="BRANCH" missed="2" covered="0"/><counter type="LINE" missed="10" covered="1"/><counter type="COMPLEXITY" missed="6" covered="1"/><counter type="METHOD" missed="5" covered="1"/><counter type="CLASS" missed="2" covered="1"/></package><package name="org/danceofvalkyries/notion/impl/client"><class name="org/danceofvalkyries/notion/impl/client/NotionUrls" sourcefilename="NotionUrls.kt"><method name="&lt;init&gt;" desc="()V" line="5"><counter type="INSTRUCTION" missed="0" covered="15"/><counter type="LINE" missed="0" covered="6"/><counter type="COMPLEXITY" missed="0" covered="1"/><counter type="METHOD" missed="0" covered="1"/></method><method name="dataBases" desc="(Ljava/lang/String;)Lokhttp3/HttpUrl;" line="14"><counter type="INSTRUCTION" missed="0" covered="12"/><counter type="LINE" missed="0" covered="4"/><counter type="COMPLEXITY" missed="0" covered="1"/><counter type="METHOD" missed="0" covered="1"/></method><method name="databasesQuery" desc="(Ljava/lang/String;)Lokhttp3/HttpUrl;" line="21"><counter type="INSTRUCTION" missed="0" covered="11"/><counter type="LINE" missed="0" covered="3"/><counter type="COMPLEXITY" missed="0" covered="1"/><counter type="METHOD" missed="0" covered="1"/></method><method name="pages" desc="(Ljava/lang/String;)Lokhttp3/HttpUrl;" line="27"><counter type="INSTRUCTION" missed="0" covered="12"/><counter type="LINE" missed="0" covered="4"/><counter type="COMPLEXITY" missed="0" covered="1"/><counter type="METHOD" missed="0" covered="1"/></method><counter type="INSTRUCTION" missed="0" covered="50"/><counter type="LINE" missed="0" covered="17"/><counter type="COMPLEXITY" missed="0" covered="4"/><counter type="METHOD" missed="0" covered="4"/><counter type="CLASS" missed="0" covered="1"/></class><sourcefile name="NotionUrls.kt"><line nr="5" mi="0" ci="3" mb="0" cb="0"/><line nr="7" mi="0" ci="3" mb="0" cb="0"/><line nr="8" mi="0" ci="2" mb="0" cb="0"/><line nr="9" mi="0" ci="2" mb="0" cb="0"/><line nr="10" mi="0" ci="2" mb="0" cb="0"/><line nr="11" mi="0" ci="3" mb="0" cb="0"/><line nr="14" mi="0" ci="4" mb="0" cb="0"/><line nr="15" mi="0" ci="2" mb="0" cb="0"/><line nr="16" mi="0" ci="2" mb="0" cb="0"/><line nr="17" mi="0" ci="1" mb="0" cb="0"/><line nr="21" mi="0" ci="5" mb="0" cb="0"/><line nr="22" mi="0" ci="2" mb="0" cb="0"/><line nr="23" mi="0" ci="1" mb="0" cb="0"/><line nr="27" mi="0" ci="4" mb="0" cb="0"/><line nr="28" mi="0" ci="2" mb="0" cb="0"/><line nr="29" mi="0" ci="2" mb="0" cb="0"/><line nr="30" mi="0" ci="1" mb="0" cb="0"/><counter type="INSTRUCTION" missed="0" covered="50"/><counter type="LINE" missed="0" covered="17"/><counter type="COMPLEXITY" missed="0" covered="4"/><counter type="METHOD" missed="0" covered="4"/><counter type="CLASS" missed="0" covered="1"/></sourcefile><counter type="INSTRUCTION" missed="0" covered="50"/><counter type="LINE" missed="0" covered="17"/><counter type="COMPLEXITY" missed="0" covered="4"/><counter type="METHOD" missed="0" covered="4"/><counter type="CLASS" missed="0" covered="1"/></package><package name="org/danceofvalkyries/utils"><class name="org/danceofvalkyries/utils/DispatchersImpl" sourcefilename="Dispatchers.kt"><method name="&lt;init&gt;" desc="()V" line="11"><counter type="INSTRUCTION" missed="0" covered="12"/><counter type="LINE" missed="0" covered="4"/><counter type="COMPLEXITY" missed="0" covered="1"/><counter type="METHOD" missed="0" covered="1"/></method><method name="getIo" desc="()Lkotlinx/coroutines/CoroutineDispatcher;" line="12"><counter type="INSTRUCTION" missed="3" covered="0"/><counter type="LINE" missed="1" covered="0"/><counter type="COMPLEXITY" missed="1" covered="0"/><counter type="METHOD" missed="1" covered="0"/></method><method name="getDefault" desc="()Lkotlinx/coroutines/CoroutineDispatcher;" line="13"><counter type="INSTRUCTION" missed="3" covered="0"/><counter type="LINE" missed="1" covered="0"/><counter type="COMPLEXITY" missed="1" covered="0"/><counter type="METHOD" missed="1" covered="0"/></method><method name="getUnconfined" desc="()Lkotlinx/coroutines/CoroutineDispatcher;" line="14"><counter type="INSTRUCTION" missed="0" covered="3"/><counter type="LINE" missed="0" covered="1"/><counter type="COMPLEXITY" missed="0" covered="1"/><counter type="METHOD" missed="0" covered="1"/></method><counter type="INSTRUCTION" missed="6" covered="15"/><counter type="LINE" missed="0" covered="4"/><counter type="COMPLEXITY" missed="2" covered="2"/><counter type="METHOD" missed="2" covered="2"/><counter type="CLASS" missed="0" covered="1"/></class><class name="org/danceofvalkyries/utils/Dispatchers" sourcefilename="Dispatchers.kt"/><sourcefile name="Dispatchers.kt"><line nr="11" mi="0" ci="3" mb="0" cb="0"/><line nr="12" mi="3" ci="3" mb="0" cb="0"/><line nr="13" mi="3" ci="3" mb="0" cb="0"/><line nr="14" mi="0" ci="6" mb="0" cb="0"/><counter type="INSTRUCTION" missed="6" covered="15"/><counter type="LINE" missed="0" covered="4"/><counter type="COMPLEXITY" missed="2" covered="2"/><counter type="METHOD" missed="2" covered="2"/><counter type="CLASS" missed="0" covered="1"/></sourcefile><counter type="INSTRUCTION" missed="6" covered="15"/><counter type="LINE" missed="0" covered="4"/><counter type="COMPLEXITY" missed="2" covered="2"/><counter type="METHOD" missed="2" covered="2"/><counter type="CLASS" missed="0" covered="1"/></package><package name="org/danceofvalkyries/notion/api/models"><class name="org/danceofvalkyries/notion/api/models/NotionId" sourcefilename="NotionId.kt"><method name="&lt;init&gt;" desc="(Ljava/lang/String;)V" line="3"><counter type="INSTRUCTION" missed="0" covered="9"/><counter type="LINE" missed="0" covered="2"/><counter type="COMPLEXITY" missed="0" covered="1"/><counter type="METHOD" missed="0" covered="1"/></method><method name="getRawValue" desc="()Ljava/lang/String;" line="4"><counter type="INSTRUCTION" missed="3" covered="0"/><counter type="LINE" missed="1" covered="0"/><counter type="COMPLEXITY" missed="1" covered="0"/><counter type="METHOD" missed="1" covered="0"/></method><method name="get" desc="()Ljava/lang/String;" line="12"><counter type="INSTRUCTION" missed="0" covered="9"/><counter type="LINE" missed="0" covered="1"/><counter type="COMPLEXITY" missed="0" covered="1"/><counter type="METHOD" missed="0" covered="1"/></method><method name="&lt;clinit&gt;" desc="()V" line="8"><counter type="INSTRUCTION" missed="0" covered="11"/><counter type="LINE" missed="0" covered="1"/><counter type="COMPLEXITY" missed="0" covered="1"/><counter type="METHOD" missed="0" covered="1"/></method><counter type="INSTRUCTION" missed="3" covered="29"/><counter type="LINE" missed="0" covered="4"/><counter type="COMPLEXITY" missed="1" covered="3"/><counter type="METHOD" missed="1" covered="3"/><counter type="CLASS" missed="0" covered="1"/></class><class name="org/danceofvalkyries/notion/api/models/NotionId$Companion" sourcefilename="NotionId.kt"><method name="getEMPTY" desc="()Lorg/danceofvalkyries/notion/api/models/NotionId;" line="8"><counter type="INSTRUCTION" missed="2" covered="0"/><counter type="LINE" missed="1" covered="0"/><counter type="COMPLEXITY" missed="1" covered="0"/><counter type="METHOD" missed="1" covered="0"/></method><counter type="INSTRUCTION" missed="2" covered="0"/><counter type="LINE" missed="1" covered="0"/><counter type="COMPLEXITY" missed="1" covered="0"/><counter type="METHOD" missed="1" covered="0"/><counter type="CLASS" missed="1" covered="0"/></class><sourcefile name="NotionId.kt"><line nr="3" mi="0" ci="3" mb="0" cb="0"/><line nr="4" mi="3" ci="3" mb="0" cb="0"/><line nr="8" mi="2" ci="6" mb="0" cb="0"/><line nr="12" mi="0" ci="9" mb="0" cb="0"/><counter type="INSTRUCTION" missed="5" covered="29"/><counter type="LINE" missed="0" covered="4"/><counter type="COMPLEXITY" missed="2" covered="3"/><counter type="METHOD" missed="2" covered="3"/><counter type="CLASS" missed="1" covered="1"/></sourcefile><counter type="INSTRUCTION" missed="5" covered="29"/><counter type="LINE" missed="0" covered="4"/><counter type="COMPLEXITY" missed="2" covered="3"/><counter type="METHOD" missed="2" covered="3"/><counter type="CLASS" missed="1" covered="1"/></package><package name="org/danceofvalkyries/job/data/telegram/chat"><class name="org/danceofvalkyries/job/data/telegram/chat/TelegramChatKt" sourcefilename="TelegramChat.kt"><method name="sendMessage" desc="(Lorg/danceofvalkyries/job/data/telegram/chat/TelegramChat;Ljava/lang/String;Ljava/lang/String;Ljava/util/List;Lkotlin/coroutines/Continuation;)Ljava/lang/Object;" line="38"><counter type="INSTRUCTION" missed="0" covered="15"/><counter type="BRANCH" missed="0" covered="2"/><counter type="LINE" missed="0" covered="9"/><counter type="COMPLEXITY" missed="0" covered="2"/><counter type="METHOD" missed="0" covered="1"/></method><method name="sendMessage" desc="(Lorg/danceofvalkyries/job/data/telegram/chat/TelegramChat;Lorg/danceofvalkyries/job/data/telegram/message/TelegramMessage;Lkotlin/coroutines/Continuation;)Ljava/lang/Object;" line="53"><counter type="INSTRUCTION" missed="0" covered="10"/><counter type="LINE" missed="0" covered="4"/><counter type="COMPLEXITY" missed="0" covered="1"/><counter type="METHOD" missed="0" covered="1"/></method><counter type="INSTRUCTION" missed="0" covered="25"/><counter type="BRANCH" missed="0" covered="2"/><counter type="LINE" missed="0" covered="13"/><counter type="COMPLEXITY" missed="0" covered="3"/><counter type="METHOD" missed="0" covered="2"/><counter type="CLASS" missed="0" covered="1"/></class><class name="org/danceofvalkyries/job/data/telegram/chat/TelegramChat" sourcefilename="TelegramChat.kt"/><sourcefile name="TelegramChat.kt"><line nr="38" mi="0" ci="2" mb="0" cb="2"/><line nr="39" mi="0" ci="2" mb="0" cb="0"/><line nr="40" mi="0" ci="1" mb="0" cb="0"/><line nr="41" mi="0" ci="2" mb="0" cb="0"/><line nr="44" mi="0" ci="2" mb="0" cb="0"/><line nr="45" mi="0" ci="1" mb="0" cb="0"/><line nr="46" mi="0" ci="1" mb="0" cb="0"/><line nr="47" mi="0" ci="2" mb="0" cb="0"/><line nr="50" mi="0" ci="2" mb="0" cb="0"/><line nr="53" mi="0" ci="3" mb="0" cb="0"/><line nr="54" mi="0" ci="2" mb="0" cb="0"/><line nr="55" mi="0" ci="2" mb="0" cb="0"/><line nr="56" mi="0" ci="3" mb="0" cb="0"/><counter type="INSTRUCTION" missed="0" covered="25"/><counter type="BRANCH" missed="0" covered="2"/><counter type="LINE" missed="0" covered="13"/><counter type="COMPLEXITY" missed="0" covered="3"/><counter type="METHOD" missed="0" covered="2"/><counter type="CLASS" missed="0" covered="1"/></sourcefile><counter type="INSTRUCTION" missed="0" covered="25"/><counter type="BRANCH" missed="0" covered="2"/><counter type="LINE" missed="0" covered="13"/><counter type="COMPLEXITY" missed="0" covered="3"/><counter type="METHOD" missed="0" covered="2"/><counter type="CLASS" missed="0" covered="1"/></package><package name="org/danceofvalkyries"><class name="org/danceofvalkyries/MainKt" sourcefilename="Main.kt"><method name="main" desc="([Ljava/lang/String;Lkotlin/coroutines/Continuation;)Ljava/lang/Object;" line="6"><counter type="INSTRUCTION" missed="7" covered="0"/><counter type="LINE" missed="4" covered="0"/><counter type="COMPLEXITY" missed="1" covered="0"/><counter type="METHOD" missed="1" covered="0"/></method><counter type="INSTRUCTION" missed="7" covered="0"/><counter type="LINE" missed="4" covered="0"/><counter type="COMPLEXITY" missed="1" covered="0"/><counter type="METHOD" missed="1" covered="0"/><counter type="CLASS" missed="1" covered="0"/></class><sourcefile name="Main.kt"><line nr="6" mi="2" ci="0" mb="0" cb="0"/><line nr="7" mi="2" ci="0" mb="0" cb="0"/><line nr="8" mi="2" ci="0" mb="0" cb="0"/><line nr="9" mi="1" ci="0" mb="0" cb="0"/><counter type="INSTRUCTION" missed="7" covered="0"/><counter type="LINE" missed="4" covered="0"/><counter type="COMPLEXITY" missed="1" covered="0"/><counter type="METHOD" missed="1" covered="0"/><counter type="CLASS" missed="1" covered="0"/></sourcefile><counter type="INSTRUCTION" missed="7" covered="0"/><counter type="LINE" missed="4" covered="0"/><counter type="COMPLEXITY" missed="1" covered="0"/><counter type="METHOD" missed="1" covered="0"/><counter type="CLASS" missed="1" covered="0"/></package><package name="org/danceofvalkyries/job/data/telegram/jsons"><class name="org/danceofvalkyries/job/data/telegram/jsons/ReplyMarkupData" sourcefilename="ReplyMarkupData.kt"><method name="&lt;init&gt;" desc="(Ljava/util/List;)V" line="6"><counter type="INSTRUCTION" missed="9" covered="0"/><counter type="LINE" missed="2" covered="0"/><counter type="COMPLEXITY" missed="1" covered="0"/><counter type="METHOD" missed="1" covered="0"/></method><method name="getInlineKeyboards" desc="()Ljava/util/List;" line="7"><counter type="INSTRUCTION" missed="3" covered="0"/><counter type="LINE" missed="1" covered="0"/><counter type="COMPLEXITY" missed="1" covered="0"/><counter type="METHOD" missed="1" covered="0"/></method><counter type="INSTRUCTION" missed="12" covered="0"/><counter type="LINE" missed="2" covered="0"/><counter type="COMPLEXITY" missed="2" covered="0"/><counter type="METHOD" missed="2" covered="0"/><counter type="CLASS" missed="1" covered="0"/></class><class name="org/danceofvalkyries/job/data/telegram/jsons/UpdateResponseData" sourcefilename="UpdateResponseData.kt"><method name="&lt;init&gt;" desc="(JLorg/danceofvalkyries/job/data/telegram/jsonobjects/CallbackQueryData;Lorg/danceofvalkyries/job/data/telegram/jsonobjects/MessageData;)V" line="7"><counter type="INSTRUCTION" missed="12" covered="0"/><counter type="LINE" missed="4" covered="0"/><counter type="COMPLEXITY" missed="1" covered="0"/><counter type="METHOD" missed="1" covered="0"/></method><method name="getId" desc="()J" line="8"><counter type="INSTRUCTION" missed="3" covered="0"/><counter type="LINE" missed="1" covered="0"/><counter type="COMPLEXITY" missed="1" covered="0"/><counter type="METHOD" missed="1" covered="0"/></method><method name="getCallbackQueryData" desc="()Lorg/danceofvalkyries/job/data/telegram/jsonobjects/CallbackQueryData;" line="10"><counter type="INSTRUCTION" missed="3" covered="0"/><counter type="LINE" missed="1" covered="0"/><counter type="COMPLEXITY" missed="1" covered="0"/><counter type="METHOD" missed="1" covered="0"/></method><method name="getMessageData" desc="()Lorg/danceofvalkyries/job/data/telegram/jsonobjects/MessageData;" line="12"><counter type="INSTRUCTION" missed="3" covered="0"/><counter type="LINE" missed="1" covered="0"/><counter type="COMPLEXITY" missed="1" covered="0"/><counter type="METHOD" missed="1" covered="0"/></method><counter type="INSTRUCTION" missed="21" covered="0"/><counter type="LINE" missed="4" covered="0"/><counter type="COMPLEXITY" missed="4" covered="0"/><counter type="METHOD" missed="4" covered="0"/><counter type="CLASS" missed="1" covered="0"/></class><sourcefile name="ReplyMarkupData.kt"><line nr="6" mi="3" ci="0" mb="0" cb="0"/><line nr="7" mi="6" ci="0" mb="0" cb="0"/><counter type="INSTRUCTION" missed="12" covered="0"/><counter type="LINE" missed="2" covered="0"/><counter type="COMPLEXITY" missed="2" covered="0"/><counter type="METHOD" missed="2" covered="0"/><counter type="CLASS" missed="1" covered="0"/></sourcefile><sourcefile name="UpdateResponseData.kt"><line nr="7" mi="3" ci="0" mb="0" cb="0"/><line nr="8" mi="6" ci="0" mb="0" cb="0"/><line nr="10" mi="6" ci="0" mb="0" cb="0"/><line nr="12" mi="6" ci="0" mb="0" cb="0"/><counter type="INSTRUCTION" missed="21" covered="0"/><counter type="LINE" missed="4" covered="0"/><counter type="COMPLEXITY" missed="4" covered="0"/><counter type="METHOD" missed="4" covered="0"/><counter type="CLASS" missed="1" covered="0"/></sourcefile><counter type="INSTRUCTION" missed="33" covered="0"/><counter type="LINE" missed="6" covered="0"/><counter type="COMPLEXITY" missed="6" covered="0"/><counter type="METHOD" missed="6" covered="0"/><counter type="CLASS" missed="2" covered="0"/></package><package name="org/danceofvalkyries/utils/rest"><class name="org/danceofvalkyries/utils/rest/HeaderKt" sourcefilename="Header.kt"><method name="Header" desc="(Ljava/lang/String;Ljava/lang/String;)Lorg/danceofvalkyries/utils/rest/Header;" line="12"><counter type="INSTRUCTION" missed="13" covered="0"/><counter type="LINE" missed="1" covered="0"/><counter type="COMPLEXITY" missed="1" covered="0"/><counter type="METHOD" missed="1" covered="0"/></method><method name="ContentType" desc="(Lorg/danceofvalkyries/utils/rest/ContentTypes;)Lorg/danceofvalkyries/utils/rest/Header;" line="19"><counter type="INSTRUCTION" missed="8" covered="0"/><counter type="LINE" missed="3" covered="0"/><counter type="COMPLEXITY" missed="1" covered="0"/><counter type="METHOD" missed="1" covered="0"/></method><method name="AuthorizationBearerHeader" desc="(Ljava/lang/String;)Lorg/danceofvalkyries/utils/rest/Header;" line="26"><counter type="INSTRUCTION" missed="7" covered="0"/><counter type="LINE" missed="3" covered="0"/><counter type="COMPLEXITY" missed="1" covered="0"/><counter type="METHOD" missed="1" covered="0"/></method><counter type="INSTRUCTION" missed="28" covered="0"/><counter type="LINE" missed="7" covered="0"/><counter type="COMPLEXITY" missed="3" covered="0"/><counter type="METHOD" missed="3" covered="0"/><counter type="CLASS" missed="1" covered="0"/></class><class name="org/danceofvalkyries/utils/rest/Header" sourcefilename="Header.kt"/><class name="org/danceofvalkyries/utils/rest/ContentTypes" sourcefilename="Header.kt"><method name="&lt;init&gt;" desc="(Ljava/lang/String;ILjava/lang/String;)V" line="32"><counter type="INSTRUCTION" missed="8" covered="0"/><counter type="LINE" missed="1" covered="0"/><counter type="COMPLEXITY" missed="1" covered="0"/><counter type="METHOD" missed="1" covered="0"/></method><method name="getValue" desc="()Ljava/lang/String;" line="32"><counter type="INSTRUCTION" missed="3" covered="0"/><counter type="LINE" missed="1" covered="0"/><counter type="COMPLEXITY" missed="1" covered="0"/><counter type="METHOD" missed="1" covered="0"/></method><method name="getEntries" desc="()Lkotlin/enums/EnumEntries;" line="34"><counter type="INSTRUCTION" missed="2" covered="0"/><counter type="LINE" missed="1" covered="0"/><counter type="COMPLEXITY" missed="1" covered="0"/><counter type="METHOD" missed="1" covered="0"/></method><method name="&lt;clinit&gt;" desc="()V" line="33"><counter type="INSTRUCTION" missed="14" covered="0"/><counter type="LINE" missed="1" covered="0"/><counter type="COMPLEXITY" missed="1" covered="0"/><counter type="METHOD" missed="1" covered="0"/></method><counter type="INSTRUCTION" missed="27" covered="0"/><counter type="LINE" missed="3" covered="0"/><counter type="COMPLEXITY" missed="4" covered="0"/><counter type="METHOD" missed="4" covered="0"/><counter type="CLASS" missed="1" covered="0"/></class><class name="org/danceofvalkyries/utils/rest/JsonObject" sourcefilename="JsonObject.kt"><method name="&lt;init&gt;" desc="()V" line="11"><counter type="INSTRUCTION" missed="0" covered="9"/><counter type="LINE" missed="0" covered="2"/><counter type="COMPLEXITY" missed="0" covered="1"/><counter type="METHOD" missed="0" covered="1"/></method><method name="getFields" desc="()Ljava/util/Map;" line="13"><counter type="INSTRUCTION" missed="0" covered="3"/><counter type="LINE" missed="0" covered="1"/><counter type="COMPLEXITY" missed="0" covered="1"/><counter type="METHOD" missed="0" covered="1"/></method><method name="to" desc="(Ljava/lang/String;Ljava/lang/Object;)V" line="16"><counter type="INSTRUCTION" missed="0" covered="21"/><counter type="LINE" missed="0" covered="3"/><counter type="COMPLEXITY" missed="0" covered="1"/><counter type="METHOD" missed="0" covered="1"/></method><counter type="INSTRUCTION" missed="0" covered="33"/><counter type="LINE" missed="0" covered="5"/><counter type="COMPLEXITY" missed="0" covered="3"/><counter type="METHOD" missed="0" covered="3"/><counter type="CLASS" missed="0" covered="1"/></class><class name="org/danceofvalkyries/utils/rest/HeaderKt$Header$1" sourcefilename="Header.kt"><method name="&lt;init&gt;" desc="(Ljava/lang/String;Ljava/lang/String;)V" line="12"><counter type="INSTRUCTION" missed="9" covered="0"/><counter type="LINE" missed="3" covered="0"/><counter type="COMPLEXITY" missed="1" covered="0"/><counter type="METHOD" missed="1" covered="0"/></method><method name="getName" desc="()Ljava/lang/String;" line="13"><counter type="INSTRUCTION" missed="3" covered="0"/><counter type="LINE" missed="1" covered="0"/><counter type="COMPLEXITY" missed="1" covered="0"/><counter type="METHOD" missed="1" covered="0"/></method><method name="getValue" desc="()Ljava/lang/String;" line="14"><counter type="INSTRUCTION" missed="3" covered="0"/><counter type="LINE" missed="1" covered="0"/><counter type="COMPLEXITY" missed="1" covered="0"/><counter type="METHOD" missed="1" covered="0"/></method><counter type="INSTRUCTION" missed="15" covered="0"/><counter type="LINE" missed="3" covered="0"/><counter type="COMPLEXITY" missed="3" covered="0"/><counter type="METHOD" missed="3" covered="0"/><counter type="CLASS" missed="1" covered="0"/></class><class name="org/danceofvalkyries/utils/rest/OkHttpKt" sourcefilename="OkHttp.kt"><method name="request" desc="(Lokhttp3/Request;Lokhttp3/OkHttpClient;)Lokhttp3/Response;" line="15"><counter type="INSTRUCTION" missed="11" covered="0"/><counter type="LINE" missed="1" covered="0"/><counter type="COMPLEXITY" missed="1" covered="0"/><counter type="METHOD" missed="1" covered="0"/></method><method name="post" desc="(Lokhttp3/Request$Builder;Ljava/lang/String;)Lokhttp3/Request$Builder;" line="18"><counter type="INSTRUCTION" missed="19" covered="0"/><counter type="LINE" missed="2" covered="0"/><counter type="COMPLEXITY" missed="1" covered="0"/><counter type="METHOD" missed="1" covered="0"/></method><method name="patch" desc="(Lokhttp3/Request$Builder;Ljava/lang/String;)Lokhttp3/Request$Builder;" line="23"><counter type="INSTRUCTION" missed="19" covered="0"/><counter type="LINE" missed="2" covered="0"/><counter type="COMPLEXITY" missed="1" covered="0"/><counter type="METHOD" missed="1" covered="0"/></method><method name="headers" desc="(Lokhttp3/Request$Builder;Ljava/util/List;)Lokhttp3/Request$Builder;" line="28"><counter type="INSTRUCTION" missed="27" covered="0"/><counter type="LINE" missed="3" covered="0"/><counter type="COMPLEXITY" missed="1" covered="0"/><counter type="METHOD" missed="1" covered="0"/></method><counter type="INSTRUCTION" missed="76" covered="0"/><counter type="LINE" missed="8" covered="0"/><counter type="COMPLEXITY" missed="4" covered="0"/><counter type="METHOD" missed="4" covered="0"/><counter type="CLASS" missed="1" covered="0"/></class><class name="org/danceofvalkyries/utils/rest/JsonObjectKt" sourcefilename="JsonObject.kt"><method name="jsonObject" desc="(Lkotlin/jvm/functions/Function1;)Ljava/util/Map;" line="6"><counter type="INSTRUCTION" missed="0" covered="14"/><counter type="LINE" missed="0" covered="3"/><counter type="COMPLEXITY" missed="0" covered="1"/><counter type="METHOD" missed="0" covered="1"/></method><counter type="INSTRUCTION" missed="0" covered="14"/><counter type="LINE" missed="0" covered="3"/><counter type="COMPLEXITY" missed="0" covered="1"/><counter type="METHOD" missed="0" covered="1"/><counter type="CLASS" missed="0" covered="1"/></class><sourcefile name="Header.kt"><line nr="12" mi="10" ci="0" mb="0" cb="0"/><line nr="13" mi="6" ci="0" mb="0" cb="0"/><line nr="14" mi="6" ci="0" mb="0" cb="0"/><line nr="19" mi="2" ci="0" mb="0" cb="0"/><line nr="20" mi="1" ci="0" mb="0" cb="0"/><line nr="21" mi="2" ci="0" mb="0" cb="0"/><line nr="26" mi="2" ci="0" mb="0" cb="0"/><line nr="27" mi="1" ci="0" mb="0" cb="0"/><line nr="28" mi="1" ci="0" mb="0" cb="0"/><line nr="32" mi="11" ci="0" mb="0" cb="0"/><line nr="33" mi="14" ci="0" mb="0" cb="0"/><line nr="34" mi="1" ci="0" mb="0" cb="0"/><counter type="INSTRUCTION" missed="70" covered="0"/><counter type="LINE" missed="12" covered="0"/><counter type="COMPLEXITY" missed="10" covered="0"/><counter type="METHOD" missed="10" covered="0"/><counter type="CLASS" missed="3" covered="0"/></sourcefile><sourcefile name="OkHttp.kt"><line nr="15" mi="5" ci="0" mb="0" cb="0"/><line nr="18" mi="3" ci="0" mb="0" cb="0"/><line nr="19" mi="10" ci="0" mb="0" cb="0"/><line nr="23" mi="3" ci="0" mb="0" cb="0"/><line nr="24" mi="10" ci="0" mb="0" cb="0"/><line nr="28" mi="4" ci="0" mb="0" cb="0"/><line nr="29" mi="12" ci="0" mb="0" cb="0"/><line nr="30" mi="5" ci="0" mb="0" cb="0"/><counter type="INSTRUCTION" missed="76" covered="0"/><counter type="LINE" missed="8" covered="0"/><counter type="COMPLEXITY" missed="4" covered="0"/><counter type="METHOD" missed="4" covered="0"/><counter type="CLASS" missed="1" covered="0"/></sourcefile><sourcefile name="JsonObject.kt"><line nr="6" mi="0" ci="4" mb="0" cb="0"/><line nr="7" mi="0" ci="4" mb="0" cb="0"/><line nr="8" mi="0" ci="3" mb="0" cb="0"/><line nr="11" mi="0" ci="3" mb="0" cb="0"/><line nr="13" mi="0" ci="9" mb="0" cb="0"/><line nr="16" mi="0" ci="6" mb="0" cb="0"/><line nr="17" mi="0" ci="8" mb="0" cb="0"/><line nr="18" mi="0" ci="1" mb="0" cb="0"/><counter type="INSTRUCTION" missed="0" covered="47"/><counter type="LINE" missed="0" covered="8"/><counter type="COMPLEXITY" missed="0" covered="4"/><counter type="METHOD" missed="0" covered="4"/><counter type="CLASS" missed="0" covered="2"/></sourcefile><counter type="INSTRUCTION" missed="146" covered="47"/><counter type="LINE" missed="20" covered="8"/><counter type="COMPLEXITY" missed="14" covered="4"/><counter type="METHOD" missed="14" covered="4"/><counter type="CLASS" missed="4" covered="2"/></package><package name="org/danceofvalkyries/job/data/telegram/chat/restful"><class name="org/danceofvalkyries/job/data/telegram/chat/restful/RestfulTelegramChat$getEvents$$inlined$map$1$2$1"><method name="&lt;init&gt;" desc="(Lorg/danceofvalkyries/job/data/telegram/chat/restful/RestfulTelegramChat$getEvents$$inlined$map$1$2;Lkotlin/coroutines/Continuation;)V"><counter type="INSTRUCTION" missed="7" covered="0"/><counter type="COMPLEXITY" missed="1" covered="0"/><counter type="METHOD" missed="1" covered="0"/></method><method name="invokeSuspend" desc="(Ljava/lang/Object;)Ljava/lang/Object;"><counter type="INSTRUCTION" missed="16" covered="0"/><counter type="COMPLEXITY" missed="1" covered="0"/><counter type="METHOD" missed="1" covered="0"/></method><counter type="INSTRUCTION" missed="23" covered="0"/><counter type="COMPLEXITY" missed="2" covered="0"/><counter type="METHOD" missed="2" covered="0"/><counter type="CLASS" missed="1" covered="0"/></class><class name="org/danceofvalkyries/job/data/telegram/chat/restful/RestfulTelegramChat$getEvents$$inlined$map$2$2" sourcefilename="Emitters.kt"><method name="emit" desc="(Ljava/lang/Object;Lkotlin/coroutines/Continuation;)Ljava/lang/Object;" line="49"><counter type="INSTRUCTION" missed="10" covered="0"/><counter type="LINE" missed="1" covered="0"/><counter type="COMPLEXITY" missed="1" covered="0"/><counter type="METHOD" missed="1" covered="0"/></method><counter type="INSTRUCTION" missed="10" covered="0"/><counter type="LINE" missed="1" covered="0"/><counter type="COMPLEXITY" missed="1" covered="0"/><counter type="METHOD" missed="1" covered="0"/><counter type="CLASS" missed="1" covered="0"/></class><class name="org/danceofvalkyries/job/data/telegram/chat/restful/RestfulTelegramChat$getEvents$$inlined$map$1$2" sourcefilename="Emitters.kt"><method name="emit" desc="(Ljava/lang/Object;Lkotlin/coroutines/Continuation;)Ljava/lang/Object;" line="49"><counter type="INSTRUCTION" missed="10" covered="0"/><counter type="LINE" missed="1" covered="0"/><counter type="COMPLEXITY" missed="1" covered="0"/><counter type="METHOD" missed="1" covered="0"/></method><counter type="INSTRUCTION" missed="10" covered="0"/><counter type="LINE" missed="1" covered="0"/><counter type="COMPLEXITY" missed="1" covered="0"/><counter type="METHOD" missed="1" covered="0"/><counter type="CLASS" missed="1" covered="0"/></class><class name="org/danceofvalkyries/job/data/telegram/chat/restful/TelegramChatHttpClientDecorator" sourcefilename="TelegramChatHttpClientDecorator.kt"><method name="&lt;init&gt;" desc="(Lorg/danceofvalkyries/utils/rest/clients/http/HttpClient;Lcom/google/gson/Gson;)V" line="9"><counter type="INSTRUCTION" missed="0" covered="15"/><counter type="LINE" missed="0" covered="3"/><counter type="COMPLEXITY" missed="0" covered="1"/><counter type="METHOD" missed="0" covered="1"/></method><method name="post" desc="(Ljava/lang/String;Ljava/lang/String;Ljava/util/List;)Lorg/danceofvalkyries/utils/rest/clients/http/HttpClient$Response;" line="25"><counter type="INSTRUCTION" missed="2" covered="43"/><counter type="BRANCH" missed="2" covered="2"/><counter type="LINE" missed="1" covered="8"/><counter type="COMPLEXITY" missed="2" covered="1"/><counter type="METHOD" missed="0" covered="1"/></method><method name="updateImage" desc="(Ljava/lang/String;)Ljava/lang/String;" line="40"><counter type="INSTRUCTION" missed="0" covered="27"/><counter type="LINE" missed="0" covered="3"/><counter type="COMPLEXITY" missed="0" covered="1"/><counter type="METHOD" missed="0" covered="1"/></method><method name="&lt;clinit&gt;" desc="()V" line="15"><counter type="INSTRUCTION" missed="0" covered="28"/><counter type="LINE" missed="0" covered="5"/><counter type="COMPLEXITY" missed="0" covered="1"/><counter type="METHOD" missed="0" covered="1"/></method><counter type="INSTRUCTION" missed="2" covered="113"/><counter type="BRANCH" missed="2" covered="2"/><counter type="LINE" missed="1" covered="19"/><counter type="COMPLEXITY" missed="2" covered="4"/><counter type="METHOD" missed="0" covered="4"/><counter type="CLASS" missed="0" covered="1"/></class><class name="org/danceofvalkyries/job/data/telegram/chat/restful/RestfulTelegramChat$getEvents$$inlined$map$2$2$1"><method name="&lt;init&gt;" desc="(Lorg/danceofvalkyries/job/data/telegram/chat/restful/RestfulTelegramChat$getEvents$$inlined$map$2$2;Lkotlin/coroutines/Continuation;)V"><counter type="INSTRUCTION" missed="7" covered="0"/><counter type="COMPLEXITY" missed="1" covered="0"/><counter type="METHOD" missed="1" covered="0"/></method><method name="invokeSuspend" desc="(Ljava/lang/Object;)Ljava/lang/Object;"><counter type="INSTRUCTION" missed="16" covered="0"/><counter type="COMPLEXITY" missed="1" covered="0"/><counter type="METHOD" missed="1" covered="0"/></method><counter type="INSTRUCTION" missed="23" covered="0"/><counter type="COMPLEXITY" missed="2" covered="0"/><counter type="METHOD" missed="2" covered="0"/><counter type="CLASS" missed="1" covered="0"/></class><class name="org/danceofvalkyries/job/data/telegram/chat/restful/RestfulTelegramChat$getEvents$$inlined$map$1" sourcefilename="SafeCollector.common.kt"><method name="&lt;init&gt;" desc="(Lkotlinx/coroutines/flow/Flow;Lorg/danceofvalkyries/job/data/telegram/chat/restful/RestfulTelegramChat;)V" line="105"><counter type="INSTRUCTION" missed="9" covered="0"/><counter type="LINE" missed="1" covered="0"/><counter type="COMPLEXITY" missed="1" covered="0"/><counter type="METHOD" missed="1" covered="0"/></method><method name="collect" desc="(Lkotlinx/coroutines/flow/FlowCollector;Lkotlin/coroutines/Continuation;)Ljava/lang/Object;" line="107"><counter type="INSTRUCTION" missed="8" covered="0"/><counter type="LINE" missed="2" covered="0"/><counter type="COMPLEXITY" missed="1" covered="0"/><counter type="METHOD" missed="1" covered="0"/></method><counter type="INSTRUCTION" missed="17" covered="0"/><counter type="LINE" missed="3" covered="0"/><counter type="COMPLEXITY" missed="2" covered="0"/><counter type="METHOD" missed="2" covered="0"/><counter type="CLASS" missed="1" covered="0"/></class><class name="org/danceofvalkyries/job/data/telegram/chat/restful/RestfulTelegramChat$getEvents$$inlined$map$2" sourcefilename="SafeCollector.common.kt"><method name="&lt;init&gt;" desc="(Lkotlinx/coroutines/flow/Flow;Lorg/danceofvalkyries/job/data/telegram/chat/restful/RestfulTelegramChat;)V" line="105"><counter type="INSTRUCTION" missed="9" covered="0"/><counter type="LINE" missed="1" covered="0"/><counter type="COMPLEXITY" missed="1" covered="0"/><counter type="METHOD" missed="1" covered="0"/></method><method name="collect" desc="(Lkotlinx/coroutines/flow/FlowCollector;Lkotlin/coroutines/Continuation;)Ljava/lang/Object;" line="107"><counter type="INSTRUCTION" missed="8" covered="0"/><counter type="LINE" missed="2" covered="0"/><counter type="COMPLEXITY" missed="1" covered="0"/><counter type="METHOD" missed="1" covered="0"/></method><counter type="INSTRUCTION" missed="17" covered="0"/><counter type="LINE" missed="3" covered="0"/><counter type="COMPLEXITY" missed="2" covered="0"/><counter type="METHOD" missed="2" covered="0"/><counter type="CLASS" missed="1" covered="0"/></class><class name="org/danceofvalkyries/job/data/telegram/chat/restful/TelegramChatHttpClientDecorator$Companion" sourcefilename="TelegramChatHttpClientDecorator.kt"/><class name="org/danceofvalkyries/job/data/telegram/chat/restful/RestfulTelegramChat" sourcefilename="RestfulTelegramChat.kt"><method name="&lt;init&gt;" de
[...]
/><counter type="COMPLEXITY" missed="0" covered="1"/><counter type="METHOD" missed="0" covered="1"/></method><method name="declare" desc="(Ljava/lang/String;)Ljava/lang/String;" line="10"><counter type="INSTRUCTION" missed="9" covered="0"/><counter type="LINE" missed="1" covered="0"/><counter type="COMPLEXITY" missed="1" covered="0"/><counter type="METHOD" missed="1" covered="0"/></method><counter type="INSTRUCTION" missed="9" covered="6"/><counter type="LINE" missed="1" covered="1"/><counter type="COMPLEXITY" missed="1" covered="1"/><counter type="METHOD" missed="1" covered="1"/><counter type="CLASS" missed="0" covered="1"/></class><class name="org/danceofvalkyries/utils/db/tables/columns/TableColumn" sourcefilename="TableColumn.kt"/><class name="org/danceofvalkyries/utils/db/tables/columns/PrimaryKey" sourcefilename="PrimaryKey.kt"/><class name="org/danceofvalkyries/utils/db/tables/columns/BoolenTableColumn" sourcefilename="BooleanTableColumn.kt"><method name="&lt;init&gt;" desc="(Ljava/lang/String;Lorg/danceofvalkyries/utils/db/tables/columns/PrimaryKey;)V" line="5"><counter type="INSTRUCTION" missed="15" covered="0"/><counter type="LINE" missed="3" covered="0"/><counter type="COMPLEXITY" missed="1" covered="0"/><counter type="METHOD" missed="1" covered="0"/></method><method name="getName" desc="()Ljava/lang/String;" line="6"><counter type="INSTRUCTION" missed="3" covered="0"/><counter type="LINE" missed="1" covered="0"/><counter type="COMPLEXITY" missed="1" covered="0"/><counter type="METHOD" missed="1" covered="0"/></method><method name="getPrimaryKey" desc="()Lorg/danceofvalkyries/utils/db/tables/columns/PrimaryKey;" line="7"><counter type="INSTRUCTION" missed="3" covered="0"/><counter type="LINE" missed="1" covered="0"/><counter type="COMPLEXITY" missed="1" covered="0"/><counter type="METHOD" missed="1" covered="0"/></method><method name="&lt;init&gt;" desc="(Ljava/lang/String;)V" line="10"><counter type="INSTRUCTION" missed="8" covered="0"/><counter type="LINE" missed="1" covered="0"/><counter type="COMPLEXITY" missed="1" covered="0"/><counter type="METHOD" missed="1" covered="0"/></method><method name="getDeclaration" desc="()Ljava/lang/String;" line="13"><counter type="INSTRUCTION" missed="7" covered="0"/><counter type="LINE" missed="1" covered="0"/><counter type="COMPLEXITY" missed="1" covered="0"/><counter type="METHOD" missed="1" covered="0"/></method><method name="getValue" desc="(Ljava/sql/ResultSet;)Ljava/lang/Boolean;" line="15"><counter type="INSTRUCTION" missed="9" covered="0"/><counter type="LINE" missed="1" covered="0"/><counter type="COMPLEXITY" missed="1" covered="0"/><counter type="METHOD" missed="1" covered="0"/></method><method name="sqlRequestValue" desc="(Ljava/lang/String;)Ljava/lang/String;" line="18"><counter type="INSTRUCTION" missed="7" covered="0"/><counter type="BRANCH" missed="2" covered="0"/><counter type="LINE" missed="3" covered="0"/><counter type="COMPLEXITY" missed="2" covered="0"/><counter type="METHOD" missed="1" covered="0"/></method><counter type="INSTRUCTION" missed="52" covered="0"/><counter type="BRANCH" missed="2" covered="0"/><counter type="LINE" missed="9" covered="0"/><counter type="COMPLEXITY" missed="8" covered="0"/><counter type="METHOD" missed="7" covered="0"/><counter type="CLASS" missed="1" covered="0"/></class><sourcefile name="PrimaryKey.kt"><line nr="7" mi="0" ci="8" mb="0" cb="0"/><line nr="8" mi="0" ci="9" mb="0" cb="0"/><line nr="10" mi="6" ci="0" mb="0" cb="0"/><line nr="16" mi="0" ci="8" mb="0" cb="0"/><line nr="17" mi="2" ci="0" mb="0" cb="0"/><counter type="INSTRUCTION" missed="14" covered="31"/><counter type="LINE" missed="2" covered="3"/><counter type="COMPLEXITY" missed="2" covered="5"/><counter type="METHOD" missed="2" covered="5"/><counter type="CLASS" missed="0" covered="3"/></sourcefile><sourcefile name="BooleanTableColumn.kt"><line nr="5" mi="3" ci="0" mb="0" cb="0"/><line nr="6" mi="6" ci="0" mb="0" cb="0"/><line nr="7" mi="6" ci="0" mb="0" cb="0"/><line nr="10" mi="5" ci="0" mb="0" cb="0"/><line nr="13" mi="7" ci="0" mb="0" cb="0"/><line nr="15" mi="6" ci="0" mb="0" cb="0"/><line nr="18" mi="3" ci="0" mb="2" cb="0"/><line nr="19" mi="2" ci="0" mb="0" cb="0"/><line nr="21" mi="2" ci="0" mb="0" cb="0"/><counter type="INSTRUCTION" missed="52" covered="0"/><counter type="BRANCH" missed="2" covered="0"/><counter type="LINE" missed="9" covered="0"/><counter type="COMPLEXITY" missed="8" covered="0"/><counter type="METHOD" missed="7" covered="0"/><counter type="CLASS" missed="1" covered="0"/></sourcefile><sourcefile name="LongTableColumn.kt"><line nr="5" mi="0" ci="3" mb="0" cb="0"/><line nr="6" mi="3" ci="3" mb="0" cb="0"/><line nr="7" mi="3" ci="3" mb="0" cb="0"/><line nr="11" mi="7" ci="0" mb="0" cb="0"/><line nr="13" mi="5" ci="0" mb="0" cb="0"/><line nr="15" mi="11" ci="0" mb="2" cb="0"/><counter type="INSTRUCTION" missed="32" covered="15"/><counter type="BRANCH" missed="2" covered="0"/><counter type="LINE" missed="3" covered="3"/><counter type="COMPLEXITY" missed="6" covered="1"/><counter type="METHOD" missed="5" covered="1"/><counter type="CLASS" missed="0" covered="1"/></sourcefile><sourcefile name="TableColumn.kt"/><sourcefile name="TextTableColumn.kt"><line nr="5" mi="0" ci="3" mb="0" cb="0"/><line nr="6" mi="0" ci="6" mb="0" cb="0"/><line nr="7" mi="3" ci="3" mb="0" cb="0"/><line nr="12" mi="0" ci="2" mb="0" cb="0"/><line nr="13" mi="0" ci="1" mb="0" cb="0"/><line nr="14" mi="0" ci="1" mb="0" cb="0"/><line nr="15" mi="0" ci="1" mb="0" cb="0"/><line nr="18" mi="7" ci="0" mb="0" cb="0"/><line nr="20" mi="5" ci="0" mb="0" cb="0"/><line nr="23" mi="0" ci="3" mb="0" cb="2"/><line nr="24" mi="0" ci="2" mb="0" cb="0"/><line nr="26" mi="0" ci="8" mb="0" cb="0"/><counter type="INSTRUCTION" missed="18" covered="39"/><counter type="BRANCH" missed="0" covered="2"/><counter type="LINE" missed="2" covered="10"/><counter type="COMPLEXITY" missed="3" covered="5"/><counter type="METHOD" missed="3" covered="4"/><counter type="CLASS" missed="0" covered="1"/></sourcefile><sourcefile name="IntegerTableColumn.kt"><line nr="3" mi="3" ci="0" mb="0" cb="0"/><line nr="4" mi="6" ci="0" mb="0" cb="0"/><line nr="5" mi="6" ci="0" mb="0" cb="0"/><line nr="10" mi="2" ci="0" mb="0" cb="0"/><line nr="11" mi="1" ci="0" mb="0" cb="0"/><line nr="12" mi="1" ci="0" mb="0" cb="0"/><line nr="13" mi="1" ci="0" mb="0" cb="0"/><line nr="16" mi="7" ci="0" mb="0" cb="0"/><line nr="18" mi="11" ci="0" mb="2" cb="0"/><counter type="INSTRUCTION" missed="47" covered="0"/><counter type="BRANCH" missed="2" covered="0"/><counter type="LINE" missed="9" covered="0"/><counter type="COMPLEXITY" missed="7" covered="0"/><counter type="METHOD" missed="6" covered="0"/><counter type="CLASS" missed="1" covered="0"/></sourcefile><sourcefile name="AutoIncrement.kt"><line nr="8" mi="8" ci="0" mb="0" cb="0"/><line nr="9" mi="3" ci="0" mb="0" cb="0"/><line nr="14" mi="0" ci="8" mb="0" cb="0"/><line nr="15" mi="2" ci="0" mb="0" cb="0"/><counter type="INSTRUCTION" missed="19" covered="8"/><counter type="LINE" missed="3" covered="1"/><counter type="COMPLEXITY" missed="4" covered="2"/><counter type="METHOD" missed="4" covered="2"/><counter type="CLASS" missed="1" covered="2"/></sourcefile><counter type="INSTRUCTION" missed="182" covered="93"/><counter type="BRANCH" missed="6" covered="2"/><counter type="LINE" missed="28" covered="17"/><counter type="COMPLEXITY" missed="30" covered="13"/><counter type="METHOD" missed="27" covered="12"/><counter type="CLASS" missed="3" covered="7"/></package><package name="org/danceofvalkyries/notion/impl/client/models/response/properties"><class name="org/danceofvalkyries/notion/impl/client/models/response/properties/RichTextResponse" sourcefilename="RichTextResponse.kt"><method name="&lt;init&gt;" desc="(Lorg/danceofvalkyries/notion/impl/client/models/response/properties/TextContentResponse;)V" line="5"><counter type="INSTRUCTION" missed="9" covered="0"/><counter type="LINE" missed="2" covered="0"/><counter type="COMPLEXITY" missed="1" covered="0"/><counter type="METHOD" missed="1" covered="0"/></method><method name="getText" desc="()Lorg/danceofvalkyries/notion/impl/client/models/response/properties/TextContentResponse;" line="6"><counter type="INSTRUCTION" missed="3" covered="0"/><counter type="LINE" missed="1" covered="0"/><counter type="COMPLEXITY" missed="1" covered="0"/><counter type="METHOD" missed="1" covered="0"/></method><counter type="INSTRUCTION" missed="12" covered="0"/><counter type="LINE" missed="2" covered="0"/><counter type="COMPLEXITY" missed="2" covered="0"/><counter type="METHOD" missed="2" covered="0"/><counter type="CLASS" missed="1" covered="0"/></class><class name="org/danceofvalkyries/notion/impl/client/models/response/properties/TextContentResponse" sourcefilename="TextContentResponse.kt"><method name="&lt;init&gt;" desc="(Ljava/lang/String;Ljava/lang/Object;)V" line="5"><counter type="INSTRUCTION" missed="9" covered="0"/><counter type="LINE" missed="3" covered="0"/><counter type="COMPLEXITY" missed="1" covered="0"/><counter type="METHOD" missed="1" covered="0"/></method><method name="getContent" desc="()Ljava/lang/String;" line="6"><counter type="INSTRUCTION" missed="3" covered="0"/><counter type="LINE" missed="1" covered="0"/><counter type="COMPLEXITY" missed="1" covered="0"/><counter type="METHOD" missed="1" covered="0"/></method><method name="getLink" desc="()Ljava/lang/Object;" line="7"><counter type="INSTRUCTION" missed="3" covered="0"/><counter type="LINE" missed="1" covered="0"/><counter type="COMPLEXITY" missed="1" covered="0"/><counter type="METHOD" missed="1" covered="0"/></method><counter type="INSTRUCTION" missed="15" covered="0"/><counter type="LINE" missed="3" covered="0"/><counter type="COMPLEXITY" missed="3" covered="0"/><counter type="METHOD" missed="3" covered="0"/><counter type="CLASS" missed="1" covered="0"/></class><class name="org/danceofvalkyries/notion/impl/client/models/response/properties/TextResponse" sourcefilename="TextResponse.kt"><method name="&lt;init&gt;" desc="(Lorg/danceofvalkyries/notion/impl/client/models/response/properties/TextContentResponse;Ljava/lang/String;)V" line="5"><counter type="INSTRUCTION" missed="9" covered="0"/><counter type="LINE" missed="3" covered="0"/><counter type="COMPLEXITY" missed="1" covered="0"/><counter type="METHOD" missed="1" covered="0"/></method><method name="getText" desc="()Lorg/danceofvalkyries/notion/impl/client/models/response/properties/TextContentResponse;" line="6"><counter type="INSTRUCTION" missed="3" covered="0"/><counter type="LINE" missed="1" covered="0"/><counter type="COMPLEXITY" missed="1" covered="0"/><counter type="METHOD" missed="1" covered="0"/></method><method name="getPlainText" desc="()Ljava/lang/String;" line="7"><counter type="INSTRUCTION" missed="3" covered="0"/><counter type="LINE" missed="1" covered="0"/><counter type="COMPLEXITY" missed="1" covered="0"/><counter type="METHOD" missed="1" covered="0"/></method><counter type="INSTRUCTION" missed="15" covered="0"/><counter type="LINE" missed="3" covered="0"/><counter type="COMPLEXITY" missed="3" covered="0"/><counter type="METHOD" missed="3" covered="0"/><counter type="CLASS" missed="1" covered="0"/></class><sourcefile name="TextResponse.kt"><line nr="5" mi="3" ci="0" mb="0" cb="0"/><line nr="6" mi="6" ci="0" mb="0" cb="0"/><line nr="7" mi="6" ci="0" mb="0" cb="0"/><counter type="INSTRUCTION" missed="15" covered="0"/><counter type="LINE" missed="3" covered="0"/><counter type="COMPLEXITY" missed="3" covered="0"/><counter type="METHOD" missed="3" covered="0"/><counter type="CLASS" missed="1" covered="0"/></sourcefile><sourcefile name="TextContentResponse.kt"><line nr="5" mi="3" ci="0" mb="0" cb="0"/><line nr="6" mi="6" ci="0" mb="0" cb="0"/><line nr="7" mi="6" ci="0" mb="0" cb="0"/><counter type="INSTRUCTION" missed="15" covered="0"/><counter type="LINE" missed="3" covered="0"/><counter type="COMPLEXITY" missed="3" covered="0"/><counter type="METHOD" missed="3" covered="0"/><counter type="CLASS" missed="1" covered="0"/></sourcefile><sourcefile name="RichTextResponse.kt"><line nr="5" mi="3" ci="0" mb="0" cb="0"/><line nr="6" mi="6" ci="0" mb="0" cb="0"/><counter type="INSTRUCTION" missed="12" covered="0"/><counter type="LINE" missed="2" covered="0"/><counter type="COMPLEXITY" missed="2" covered="0"/><counter type="METHOD" missed="2" covered="0"/><counter type="CLASS" missed="1" covered="0"/></sourcefile><counter type="INSTRUCTION" missed="42" covered="0"/><counter type="LINE" missed="8" covered="0"/><counter type="COMPLEXITY" missed="8" covered="0"/><counter type="METHOD" missed="8" covered="0"/><counter type="CLASS" missed="3" covered="0"/></package><package name="org/danceofvalkyries/job/data/notion/pages/sqlite"><class name="org/danceofvalkyries/job/data/notion/pages/sqlite/SqlLiteNotionPageFlashCard" sourcefilename="SqlLiteNotionPageFlashCard.kt"><method name="&lt;init&gt;" desc="(Ljava/lang/String;Ljava/sql/Connection;Ljava/lang/String;Lorg/danceofvalkyries/utils/db/tables/columns/TextTableColumn;Lorg/danceofvalkyries/utils/db/tables/columns/TextTableColumn;Lorg/danceofvalkyries/utils/db/tables/columns/TextTableColumn;Lorg/danceofvalkyries/utils/db/tables/columns/TextTableColumn;Lorg/danceofvalkyries/utils/db/tables/columns/TextTableColumn;Lorg/danceofvalkyries/utils/db/tables/columns/TextTableColumn;Ljava/util/Map;)V" line="8"><counter type="INSTRUCTION" missed="63" covered="0"/><counter type="LINE" missed="11" covered="0"/><counter type="COMPLEXITY" missed="1" covered="0"/><counter type="METHOD" missed="1" covered="0"/></method><method name="getId" desc="()Ljava/lang/String;" line="9"><counter type="INSTRUCTION" missed="3" covered="0"/><counter type="LINE" missed="1" covered="0"/><counter type="COMPLEXITY" missed="1" covered="0"/><counter type="METHOD" missed="1" covered="0"/></method><method name="getCoverUrl" desc="()Ljava/lang/String;" line="22"><counter type="INSTRUCTION" missed="43" covered="0"/><counter type="BRANCH" missed="2" covered="0"/><counter type="LINE" missed="8" covered="0"/><counter type="COMPLEXITY" missed="2" covered="0"/><counter type="METHOD" missed="1" covered="0"/></method><method name="getNotionDbID" desc="()Ljava/lang/String;" line="32"><counter type="INSTRUCTION" missed="45" covered="0"/><counter type="BRANCH" missed="2" covered="0"/><counter type="LINE" missed="8" covered="0"/><counter type="COMPLEXITY" missed="2" covered="0"/><counter type="METHOD" missed="1" covered="0"/></method><method name="getName" desc="()Ljava/lang/String;" line="42"><counter type="INSTRUCTION" missed="45" covered="0"/><counter type="BRANCH" missed="2" covered="0"/><counter type="LINE" missed="8" covered="0"/><counter type="COMPLEXITY" missed="2" covered="0"/><counter type="METHOD" missed="1" covered="0"/></method><method name="getExample" desc="()Ljava/lang/String;" line="52"><counter type="INSTRUCTION" missed="43" covered="0"/><counter type="BRANCH" missed="2" covered="0"/><counter type="LINE" missed="8" covered="0"/><counter type="COMPLEXITY" missed="2" covered="0"/><counter type="METHOD" missed="1" covered="0"/></method><method name="getExplanation" desc="()Ljava/lang/String;" line="62"><counter type="INSTRUCTION" missed="43" covered="0"/><counter type="BRANCH" missed="2" covered="0"/><counter type="LINE" missed="8" covered="0"/><counter type="COMPLEXITY" missed="2" covered="0"/><counter type="METHOD" missed="1" covered="0"/></method><method name="getKnowLevels" desc="()Ljava/util/Map;" line="73"><counter type="INSTRUCTION" missed="82" covered="0"/><counter type="BRANCH" missed="4" covered="0"/><counter type="LINE" missed="10" covered="0"/><counter type="COMPLEXITY" missed="3" covered="0"/><counter type="METHOD" missed="1" covered="0"/></method><method name="setKnowLevels" desc="(Ljava/util/Map;)Ljava/lang/Void;" line="86"><counter type="INSTRUCTION" missed="9" covered="0"/><counter type="LINE" missed="1" covered="0"/><counter type="COMPLEXITY" missed="1" covered="0"/><counter type="METHOD" missed="1" covered="0"/></method><counter type="INSTRUCTION" missed="376" covered="0"/><counter type="BRANCH" missed="14" covered="0"/><counter type="LINE" missed="62" covered="0"/><counter type="COMPLEXITY" missed="16" covered="0"/><counter type="METHOD" missed="9" covered="0"/><counter type="CLASS" missed="1" covered="0"/></class><sourcefile name="SqlLiteNotionPageFlashCard.kt"><line nr="8" mi="3" ci="0" mb="0" cb="0"/><line nr="9" mi="6" ci="0" mb="0" cb="0"/><line nr="10" mi="3" ci="0" mb="0" cb="0"/><line nr="11" mi="3" ci="0" mb="0" cb="0"/><line nr="12" mi="3" ci="0" mb="0" cb="0"/><line nr="13" mi="3" ci="0" mb="0" cb="0"/><line nr="14" mi="3" ci="0" mb="0" cb="0"/><line nr="15" mi="3" ci="0" mb="0" cb="0"/><line nr="16" mi="3" ci="0" mb="0" cb="0"/><line nr="17" mi="3" ci="0" mb="0" cb="0"/><line nr="18" mi="3" ci="0" mb="0" cb="0"/><line nr="22" mi="5" ci="0" mb="0" cb="0"/><line nr="23" mi="2" ci="0" mb="0" cb="0"/><line nr="24" mi="2" ci="0" mb="0" cb="0"/><line nr="25" mi="6" ci="0" mb="0" cb="0"/><line nr="26" mi="5" ci="0" mb="0" cb="0"/><line nr="27" mi="8" ci="0" mb="0" cb="0"/><line nr="28" mi="2" ci="0" mb="0" cb="0"/><line nr="29" mi="13" ci="0" mb="2" cb="0"/><line nr="32" mi="5" ci="0" mb="0" cb="0"/><line nr="33" mi="2" ci="0" mb="0" cb="0"/><line nr="34" mi="2" ci="0" mb="0" cb="0"/><line nr="35" mi="6" ci="0" mb="0" cb="0"/><line nr="36" mi="5" ci="0" mb="0" cb="0"/><line nr="37" mi="8" ci="0" mb="0" cb="0"/><line nr="38" mi="2" ci="0" mb="0" cb="0"/><line nr="39" mi="15" ci="0" mb="2" cb="0"/><line nr="42" mi="5" ci="0" mb="0" cb="0"/><line nr="43" mi="2" ci="0" mb="0" cb="0"/><line nr="44" mi="2" ci="0" mb="0" cb="0"/><line nr="45" mi="6" ci="0" mb="0" cb="0"/><line nr="46" mi="5" ci="0" mb="0" cb="0"/><line nr="47" mi="8" ci="0" mb="0" cb="0"/><line nr="48" mi="2" ci="0" mb="0" cb="0"/><line nr="49" mi="15" ci="0" mb="2" cb="0"/><line nr="52" mi="5" ci="0" mb="0" cb="0"/><line nr="53" mi="2" ci="0" mb="0" cb="0"/><line nr="54" mi="2" ci="0" mb="0" cb="0"/><line nr="55" mi="6" ci="0" mb="0" cb="0"/><line nr="56" mi="5" ci="0" mb="0" cb="0"/><line nr="57" mi="8" ci="0" mb="0" cb="0"/><line nr="58" mi="2" ci="0" mb="0" cb="0"/><line nr="59" mi="13" ci="0" mb="2" cb="0"/><line nr="62" mi="5" ci="0" mb="0" cb="0"/><line nr="63" mi="2" ci="0" mb="0" cb="0"/><line nr="64" mi="2" ci="0" mb="0" cb="0"/><line nr="65" mi="6" ci="0" mb="0" cb="0"/><line nr="66" mi="5" ci="0" mb="0" cb="0"/><line nr="67" mi="8" ci="0" mb="0" cb="0"/><line nr="68" mi="2" ci="0" mb="0" cb="0"/><line nr="69" mi="13" ci="0" mb="2" cb="0"/><line nr="73" mi="3" ci="0" mb="0" cb="0"/><line nr="74" mi="6" ci="0" mb="0" cb="0"/><line nr="75" mi="5" ci="0" mb="0" cb="0"/><line nr="76" mi="8" ci="0" mb="0" cb="0"/><line nr="77" mi="1" ci="0" mb="0" cb="0"/><line nr="78" mi="4" ci="0" mb="0" cb="0"/><line nr="79" mi="6" ci="0" mb="0" cb="0"/><line nr="80" mi="26" ci="0" mb="2" cb="0"/><line nr="81" mi="8" ci="0" mb="2" cb="0"/><line nr="82" mi="15" ci="0" mb="0" cb="0"/><line nr="86" mi="4" ci="0" mb="0" cb="0"/><counter type="INSTRUCTION" missed="376" covered="0"/><counter type="BRANCH" missed="14" covered="0"/><counter type="LINE" missed="62" covered="0"/><counter type="COMPLEXITY" missed="16" covered="0"/><counter type="METHOD" missed="9" covered="0"/><counter type="CLASS" missed="1" covered="0"/></sourcefile><counter type="INSTRUCTION" missed="376" covered="0"/><counter type="BRANCH" missed="14" covered="0"/><counter type="LINE" missed="62" covered="0"/><counter type="COMPLEXITY" missed="16" covered="0"/><counter type="METHOD" missed="9" covered="0"/><counter type="CLASS" missed="1" covered="0"/></package><counter type="INSTRUCTION" missed="4392" covered="3666"/><counter type="BRANCH" missed="126" covered="43"/><counter type="LINE" missed="768" covered="650"/><counter type="COMPLEXITY" missed="339" covered="235"/><counter type="METHOD" missed="268" covered="219"/><counter type="CLASS" missed="49" covered="81"/></report>